<test-run id="2" testcasecount="64" result="Passed" start-time="2026-05-24 09:24:56.874080" end-time="2026-05-24 09:25:06.483558" duration="9" total="64" passed="63" failed="1" inconclusive="0" skipped="0" asserts="0" clr-version="3.14.5 (tags/v3.14.5:5607950, May 10 2026, 10:43:50) [MSC v.1944 64 bit (AMD64)]" engine-version="3.6.2"><command-line>C:\Users\Suriya\OneDrive\Desktop\logistic_regression\.venv\Lib\site-packages\pytest\__main__.py tests/unit/ --cov=src --cov-report=term-missing</command-line><filter><test re="0">tests/unit/</test></filter><test-suite id="tests/unit/test_schema.py::TestSchemaValidation" name="tests/unit/test_schema.py::TestSchemaValidation" fullname="tests/unit/test_schema.py::TestSchemaValidation" methodname="" classname="" runstate="Runnable" type="Assembly" testcasecount="9" result="Passed" label="Test cases for pandera schema validation." start-time="2026-05-24 09:25:03.549228" end-time="2026-05-24 09:25:03.671822" duration="0.122594" asserts="0" total="9" passed="9" failed="0" warnings="0" inconclusive="0" skipped="0"><properties><property name="python_version" value="3.14.5 (tags/v3.14.5:5607950, May 10 2026, 10:43:50) [MSC v.1944 64 bit (AMD64)]" /></properties><test-case id="139" name="tests/unit/test_schema.py::TestSchemaValidation::test_validate_raw_success" fullname="tests/unit/test_schema.py::TestSchemaValidation::test_validate_raw_success" methodname="test_validate_raw_success" classname="TestSchemaValidation" runstate="Runnable" seed="1" result="Passed" label="" start-time="2026-05-24 09:25:03.549228" end-time="2026-05-24 09:25:03.562174" duration="0.012946" asserts="0"><properties><property name="python-version" value="3.14.5 (tags/v3.14.5:5607950, May 10 2026, 10:43:50) [MSC v.1944 64 bit (AMD64)]" /><property name="fspath" value="tests/unit/test_schema.py" /></properties><environment framework-version="3.6.2" clr-version="3.14.5 (tags/v3.14.5:5607950, May 10 2026, 10:43:50) [MSC v.1944 64 bit (AMD64)]" os-version="11" platform="Windows" cwd="C:\Users\Suriya\OneDrive\Desktop\logistic_regression" machine-name="AMD64" user="" user-domain="" culture="en_IN" uiculture="en_IN" os-architecture="64bit" /><failure><message><![CDATA[]]></message><stack-trace><![CDATA[None]]></stack-trace></failure><reason><message><![CDATA[]]></message></reason><output><![CDATA[]]></output></test-case><test-case id="140" name="tests/unit/test_schema.py::TestSchemaValidation::test_validate_raw_failure" fullname="tests/unit/test_schema.py::TestSchemaValidation::test_validate_raw_failure" methodname="test_validate_raw_failure" classname="TestSchemaValidation" runstate="Runnable" seed="1" result="Passed" label="" start-time="2026-05-24 09:25:03.563618" end-time="2026-05-24 09:25:03.598636" duration="0.035018" asserts="0"><properties><property name="python-version" value="3.14.5 (tags/v3.14.5:5607950, May 10 2026, 10:43:50) [MSC v.1944 64 bit (AMD64)]" /><property name="fspath" value="tests/unit/test_schema.py" /></properties><environment framework-version="3.6.2" clr-version="3.14.5 (tags/v3.14.5:5607950, May 10 2026, 10:43:50) [MSC v.1944 64 bit (AMD64)]" os-version="11" platform="Windows" cwd="C:\Users\Suriya\OneDrive\Desktop\logistic_regression" machine-name="AMD64" user="" user-domain="" culture="en_IN" uiculture="en_IN" os-architecture="64bit" /><failure><message><![CDATA[]]></message><stack-trace><![CDATA[None]]></stack-trace></failure><reason><message><![CDATA[ERROR    schema:schema.py:368 ❌ RawTitanicSchema validation FAILED — 2 error(s):
[
  {
    "schema_context": "DataFrameSchema",
    "column": "RawTitanicSchema",
    "check": "column_in_dataframe",
    "check_number": "nan",
    "failure_case": "Survived",
    "index": "None"
  },
  {
    "schema_context": "DataFrameSchema",
    "column": "RawTitanicSchema",
    "check": "Survival rate below 25% \u2014 possible data corruption or wrong file",
    "check_number": "1.0",
    "failure_case": "KeyError(\"Survived\")",
    "index": "None"
  }
]
ERROR    schema:schema.py:368 ❌ RawTitanicSchema validation FAILED — 2 error(s):
[
  {
    "schema_context": "DataFrameSchema",
    "column": "RawTitanicSchema",
    "check": "column_in_dataframe",
    "check_number": "nan",
    "failure_case": "Survived",
    "index": "None"
  },
  {
    "schema_context": "DataFrameSchema",
    "column": "RawTitanicSchema",
    "check": "Survival rate below 25% \u2014 possible data corruption or wrong file",
    "check_number": "1.0",
    "failure_case": "KeyError(\"Survived\")",
    "index": "None"
  }
]]]></message></reason><output><![CDATA[ERROR    schema:schema.py:368 ❌ RawTitanicSchema validation FAILED — 2 error(s):
[
  {
    "schema_context": "DataFrameSchema",
    "column": "RawTitanicSchema",
    "check": "column_in_dataframe",
    "check_number": "nan",
    "failure_case": "Survived",
    "index": "None"
  },
  {
    "schema_context": "DataFrameSchema",
    "column": "RawTitanicSchema",
    "check": "Survival rate below 25% \u2014 possible data corruption or wrong file",
    "check_number": "1.0",
    "failure_case": "KeyError(\"Survived\")",
    "index": "None"
  }
]
ERROR    schema:schema.py:368 ❌ RawTitanicSchema validation FAILED — 2 error(s):
[
  {
    "schema_context": "DataFrameSchema",
    "column": "RawTitanicSchema",
    "check": "column_in_dataframe",
    "check_number": "nan",
    "failure_case": "Survived",
    "index": "None"
  },
  {
    "schema_context": "DataFrameSchema",
    "column": "RawTitanicSchema",
    "check": "Survival rate below 25% \u2014 possible data corruption or wrong file",
    "check_number": "1.0",
    "failure_case": "KeyError(\"Survived\")",
    "index": "None"
  }
]]]></output></test-case><test-case id="141" name="tests/unit/test_schema.py::TestSchemaValidation::test_validate_raw_inference_success" fullname="tests/unit/test_schema.py::TestSchemaValidation::test_validate_raw_inference_success" methodname="test_validate_raw_inference_success" classname="TestSchemaValidation" runstate="Runnable" seed="1" result="Passed" label="" start-time="2026-05-24 09:25:03.599918" end-time="2026-05-24 09:25:03.614365" duration="0.014447" asserts="0"><properties><property name="python-version" value="3.14.5 (tags/v3.14.5:5607950, May 10 2026, 10:43:50) [MSC v.1944 64 bit (AMD64)]" /><property name="fspath" value="tests/unit/test_schema.py" /></properties><environment framework-version="3.6.2" clr-version="3.14.5 (tags/v3.14.5:5607950, May 10 2026, 10:43:50) [MSC v.1944 64 bit (AMD64)]" os-version="11" platform="Windows" cwd="C:\Users\Suriya\OneDrive\Desktop\logistic_regression" machine-name="AMD64" user="" user-domain="" culture="en_IN" uiculture="en_IN" os-architecture="64bit" /><failure><message><![CDATA[]]></message><stack-trace><![CDATA[None]]></stack-trace></failure><reason><message><![CDATA[]]></message></reason><output><![CDATA[]]></output></test-case><test-case id="142" name="tests/unit/test_schema.py::TestSchemaValidation::test_validate_raw_inference_failure" fullname="tests/unit/test_schema.py::TestSchemaValidation::test_validate_raw_inference_failure" methodname="test_validate_raw_inference_failure" classname="TestSchemaValidation" runstate="Runnable" seed="1" result="Passed" label="" start-time="2026-05-24 09:25:03.615602" end-time="2026-05-24 09:25:03.652761" duration="0.037159" asserts="0"><properties><property name="python-version" value="3.14.5 (tags/v3.14.5:5607950, May 10 2026, 10:43:50) [MSC v.1944 64 bit (AMD64)]" /><property name="fspath" value="tests/unit/test_schema.py" /></properties><environment framework-version="3.6.2" clr-version="3.14.5 (tags/v3.14.5:5607950, May 10 2026, 10:43:50) [MSC v.1944 64 bit (AMD64)]" os-version="11" platform="Windows" cwd="C:\Users\Suriya\OneDrive\Desktop\logistic_regression" machine-name="AMD64" user="" user-domain="" culture="en_IN" uiculture="en_IN" os-architecture="64bit" /><failure><message><![CDATA[]]></message><stack-trace><![CDATA[None]]></stack-trace></failure><reason><message><![CDATA[WARNING  schema:schema.py:414 ⚠️  InferenceRawTitanicSchema validation found 1 issue(s). Inference proceeding with warnings (test data may differ from training):
  schema_context  column            check  check_number  failure_case  index
0         Column  Pclass  isin([1, 2, 3])             0             5      0
WARNING  schema:schema.py:414 ⚠️  InferenceRawTitanicSchema validation found 1 issue(s). Inference proceeding with warnings (test data may differ from training):
  schema_context  column            check  check_number  failure_case  index
0         Column  Pclass  isin([1, 2, 3])             0             5      0]]></message></reason><output><![CDATA[WARNING  schema:schema.py:414 ⚠️  InferenceRawTitanicSchema validation found 1 issue(s). Inference proceeding with warnings (test data may differ from training):
  schema_context  column            check  check_number  failure_case  index
0         Column  Pclass  isin([1, 2, 3])             0             5      0
WARNING  schema:schema.py:414 ⚠️  InferenceRawTitanicSchema validation found 1 issue(s). Inference proceeding with warnings (test data may differ from training):
  schema_context  column            check  check_number  failure_case  index
0         Column  Pclass  isin([1, 2, 3])             0             5      0]]></output></test-case><test-case id="143" name="tests/unit/test_schema.py::TestSchemaValidation::test_validate_raw_inference_failure_no_failure_cases" fullname="tests/unit/test_schema.py::TestSchemaValidation::test_validate_raw_inference_failure_no_failure_cases" methodname="test_validate_raw_inference_failure_no_failure_cases" classname="TestSchemaValidation" runstate="Runnable" seed="1" result="Passed" label="" start-time="2026-05-24 09:25:03.654188" end-time="2026-05-24 09:25:03.656716" duration="0.002528" asserts="0"><properties><property name="python-version" value="3.14.5 (tags/v3.14.5:5607950, May 10 2026, 10:43:50) [MSC v.1944 64 bit (AMD64)]" /><property name="fspath" value="tests/unit/test_schema.py" /></properties><environment framework-version="3.6.2" clr-version="3.14.5 (tags/v3.14.5:5607950, May 10 2026, 10:43:50) [MSC v.1944 64 bit (AMD64)]" os-version="11" platform="Windows" cwd="C:\Users\Suriya\OneDrive\Desktop\logistic_regression" machine-name="AMD64" user="" user-domain="" culture="en_IN" uiculture="en_IN" os-architecture="64bit" /><failure><message><![CDATA[]]></message><stack-trace><![CDATA[None]]></stack-trace></failure><reason><message><![CDATA[WARNING  schema:schema.py:421 ⚠️  InferenceRawTitanicSchema validation found 1 issue(s):
[
  {
    "raw_error": "{\n    \"SCHEMA\": {\n        \"COLUMN_NOT_IN_DATAFRAME\": [\n            {\n                \"schema\": \"InferenceRawTitanicSchema\",\n                \"column\": \"PassengerId\",\n                \"check\": \"column_in_dataframe\",\n                \"error\": \"column 'PassengerId' not in dataframe. Columns in dataframe: ['fake']\"\n            },\n            {\n                \"schema\": \"InferenceRawTitanicSchema\",\n                \"column\": \"Pclass\",\n                \"check\": \"column_in_dataframe\",\n                \"error\": \"column 'Pclass' not in dataframe. Columns in dataframe: ['fake']\"\n            },\n            {\n                \"schema\": \"InferenceRawTitanicSchema\",\n                \"column\": \"Name\",\n                \"check\": \"column_in_dataframe\",\n                \"error\": \"column 'Name' not in dataframe. Columns in dataframe: ['fake']\"\n            },\n            {\n                \"schema\": \"InferenceRawTitanicSchema\",\n                \"column\": \"Sex\",\n                \"check\": \"column_in_dataframe\",\n                \"error\": \"column 'Sex' not in dataframe. Columns in dataframe: ['fake']\"\n            },\n            {\n                \"schema\": \"InferenceRawTitanicSchema\",\n                \"column\": \"Age\",\n                \"check\": \"column_in_dataframe\",\n                \"error\": \"column 'Age' not in dataframe. Columns in dataframe: ['fake']\"\n            },\n            {\n                \"schema\": \"InferenceRawTitanicSchema\",\n                \"column\": \"SibSp\",\n                \"check\": \"column_in_dataframe\",\n                \"error\": \"column 'SibSp' not in dataframe. Columns in dataframe: ['fake']\"\n            },\n            {\n                \"schema\": \"InferenceRawTitanicSchema\",\n                \"column\": \"Parch\",\n                \"check\": \"column_in_dataframe\",\n                \"error\": \"column 'Parch' not in dataframe. Columns in dataframe: ['fake']\"\n            },\n            {\n                \"schema\": \"InferenceRawTitanicSchema\",\n                \"column\": \"Ticket\",\n                \"check\": \"column_in_dataframe\",\n                \"error\": \"column 'Ticket' not in dataframe. Columns in dataframe: ['fake']\"\n            },\n            {\n                \"schema\": \"InferenceRawTitanicSchema\",\n                \"column\": \"Fare\",\n                \"check\": \"column_in_dataframe\",\n                \"error\": \"column 'Fare' not in dataframe. Columns in dataframe: ['fake']\"\n            },\n            {\n                \"schema\": \"InferenceRawTitanicSchema\",\n                \"column\": \"Embarked\",\n                \"check\": \"column_in_dataframe\",\n                \"error\": \"column 'Embarked' not in dataframe. Columns in dataframe: ['fake']\"\n            }\n        ]\n    }\n}"
  }
]]]></message></reason><output><![CDATA[WARNING  schema:schema.py:421 ⚠️  InferenceRawTitanicSchema validation found 1 issue(s):
[
  {
    "raw_error": "{\n    \"SCHEMA\": {\n        \"COLUMN_NOT_IN_DATAFRAME\": [\n            {\n                \"schema\": \"InferenceRawTitanicSchema\",\n                \"column\": \"PassengerId\",\n                \"check\": \"column_in_dataframe\",\n                \"error\": \"column 'PassengerId' not in dataframe. Columns in dataframe: ['fake']\"\n            },\n            {\n                \"schema\": \"InferenceRawTitanicSchema\",\n                \"column\": \"Pclass\",\n                \"check\": \"column_in_dataframe\",\n                \"error\": \"column 'Pclass' not in dataframe. Columns in dataframe: ['fake']\"\n            },\n            {\n                \"schema\": \"InferenceRawTitanicSchema\",\n                \"column\": \"Name\",\n                \"check\": \"column_in_dataframe\",\n                \"error\": \"column 'Name' not in dataframe. Columns in dataframe: ['fake']\"\n            },\n            {\n                \"schema\": \"InferenceRawTitanicSchema\",\n                \"column\": \"Sex\",\n                \"check\": \"column_in_dataframe\",\n                \"error\": \"column 'Sex' not in dataframe. Columns in dataframe: ['fake']\"\n            },\n            {\n                \"schema\": \"InferenceRawTitanicSchema\",\n                \"column\": \"Age\",\n                \"check\": \"column_in_dataframe\",\n                \"error\": \"column 'Age' not in dataframe. Columns in dataframe: ['fake']\"\n            },\n            {\n                \"schema\": \"InferenceRawTitanicSchema\",\n                \"column\": \"SibSp\",\n                \"check\": \"column_in_dataframe\",\n                \"error\": \"column 'SibSp' not in dataframe. Columns in dataframe: ['fake']\"\n            },\n            {\n                \"schema\": \"InferenceRawTitanicSchema\",\n                \"column\": \"Parch\",\n                \"check\": \"column_in_dataframe\",\n                \"error\": \"column 'Parch' not in dataframe. Columns in dataframe: ['fake']\"\n            },\n            {\n                \"schema\": \"InferenceRawTitanicSchema\",\n                \"column\": \"Ticket\",\n                \"check\": \"column_in_dataframe\",\n                \"error\": \"column 'Ticket' not in dataframe. Columns in dataframe: ['fake']\"\n            },\n            {\n                \"schema\": \"InferenceRawTitanicSchema\",\n                \"column\": \"Fare\",\n                \"check\": \"column_in_dataframe\",\n                \"error\": \"column 'Fare' not in dataframe. Columns in dataframe: ['fake']\"\n            },\n            {\n                \"schema\": \"InferenceRawTitanicSchema\",\n                \"column\": \"Embarked\",\n                \"check\": \"column_in_dataframe\",\n                \"error\": \"column 'Embarked' not in dataframe. Columns in dataframe: ['fake']\"\n            }\n        ]\n    }\n}"
  }
]]]></output></test-case><test-case id="144" name="tests/unit/test_schema.py::TestSchemaValidation::test_validate_processed_success" fullname="tests/unit/test_schema.py::TestSchemaValidation::test_validate_processed_success" methodname="test_validate_processed_success" classname="TestSchemaValidation" runstate="Runnable" seed="1" result="Passed" label="" start-time="2026-05-24 09:25:03.657147" end-time="2026-05-24 09:25:03.663619" duration="0.006472" asserts="0"><properties><property name="python-version" value="3.14.5 (tags/v3.14.5:5607950, May 10 2026, 10:43:50) [MSC v.1944 64 bit (AMD64)]" /><property name="fspath" value="tests/unit/test_schema.py" /></properties><environment framework-version="3.6.2" clr-version="3.14.5 (tags/v3.14.5:5607950, May 10 2026, 10:43:50) [MSC v.1944 64 bit (AMD64)]" os-version="11" platform="Windows" cwd="C:\Users\Suriya\OneDrive\Desktop\logistic_regression" machine-name="AMD64" user="" user-domain="" culture="en_IN" uiculture="en_IN" os-architecture="64bit" /><failure><message><![CDATA[]]></message><stack-trace><![CDATA[None]]></stack-trace></failure><reason><message><![CDATA[]]></message></reason><output><![CDATA[]]></output></test-case><test-case id="145" name="tests/unit/test_schema.py::TestSchemaValidation::test_validate_processed_failure" fullname="tests/unit/test_schema.py::TestSchemaValidation::test_validate_processed_failure" methodname="test_validate_processed_failure" classname="TestSchemaValidation" runstate="Runnable" seed="1" result="Passed" label="" start-time="2026-05-24 09:25:03.664044" end-time="2026-05-24 09:25:03.670278" duration="0.006234" asserts="0"><properties><property name="python-version" value="3.14.5 (tags/v3.14.5:5607950, May 10 2026, 10:43:50) [MSC v.1944 64 bit (AMD64)]" /><property name="fspath" value="tests/unit/test_schema.py" /></properties><environment framework-version="3.6.2" clr-version="3.14.5 (tags/v3.14.5:5607950, May 10 2026, 10:43:50) [MSC v.1944 64 bit (AMD64)]" os-version="11" platform="Windows" cwd="C:\Users\Suriya\OneDrive\Desktop\logistic_regression" machine-name="AMD64" user="" user-domain="" culture="en_IN" uiculture="en_IN" os-architecture="64bit" /><failure><message><![CDATA[]]></message><stack-trace><![CDATA[None]]></stack-trace></failure><reason><message><![CDATA[WARNING  schema:schema.py:455 ⚠️  ProcessedFeatureSchema validation found 10 issue(s):
[
  {
    "schema_context": "DataFrameSchema",
    "column": "ProcessedFeatureSchema",
    "check": "column_in_dataframe",
    "check_number": "None",
    "failure_case": "Age",
    "index": "None"
  },
  {
    "schema_context": "DataFrameSchema",
    "column": "ProcessedFeatureSchema",
    "check": "column_in_dataframe",
    "check_number": "None",
    "failure_case": "SibSp",
    "index": "None"
  },
  {
    "schema_context": "DataFrameSchema",
    "column": "ProcessedFeatureSchema",
    "check": "column_in_dataframe",
    "check_number": "None",
    "failure_case": "Parch",
    "index": "None"
  },
  {
    "schema_context": "DataFrameSchema",
    "column": "ProcessedFeatureSchema",
    "check": "column_in_dataframe",
    "check_number": "None",
    "failure_case": "Fare",
    "index": "None"
  },
  {
    "schema_context": "DataFrameSchema",
    "column": "ProcessedFeatureSchema",
    "check": "column_in_dataframe",
    "check_number": "None",
    "failure_case": "Title",
    "index": "None"
  },
  {
    "schema_context": "DataFrameSchema",
    "column": "ProcessedFeatureSchema",
    "check": "column_in_dataframe",
    "check_number": "None",
    "failure_case": "FamilySize",
    "index": "None"
  },
  {
    "schema_context": "DataFrameSchema",
    "column": "ProcessedFeatureSchema",
    "check": "column_in_dataframe",
    "check_number": "None",
    "failure_case": "IsAlone",
    "index": "None"
  },
  {
    "schema_context": "DataFrameSchema",
    "column": "ProcessedFeatureSchema",
    "check": "column_in_dataframe",
    "check_number": "None",
    "failure_case": "AgeBand",
    "index": "None"
  },
  {
    "schema_context": "DataFrameSchema",
    "column": "ProcessedFeatureSchema",
    "check": "column_in_dataframe",
    "check_number": "None",
    "failure_case": "FareBand",
    "index": "None"
  },
  {
    "schema_context": "DataFrameSchema",
    "column": "ProcessedFeatureSchema",
    "check": "column_in_dataframe",
    "check_number": "None",
    "failure_case": "Embarked",
    "index": "None"
  }
]
WARNING  schema:schema.py:455 ⚠️  ProcessedFeatureSchema validation found 10 issue(s):
[
  {
    "schema_context": "DataFrameSchema",
    "column": "ProcessedFeatureSchema",
    "check": "column_in_dataframe",
    "check_number": "None",
    "failure_case": "Age",
    "index": "None"
  },
  {
    "schema_context": "DataFrameSchema",
    "column": "ProcessedFeatureSchema",
    "check": "column_in_dataframe",
    "check_number": "None",
    "failure_case": "SibSp",
    "index": "None"
  },
  {
    "schema_context": "DataFrameSchema",
    "column": "ProcessedFeatureSchema",
    "check": "column_in_dataframe",
    "check_number": "None",
    "failure_case": "Parch",
    "index": "None"
  },
  {
    "schema_context": "DataFrameSchema",
    "column": "ProcessedFeatureSchema",
    "check": "column_in_dataframe",
    "check_number": "None",
    "failure_case": "Fare",
    "index": "None"
  },
  {
    "schema_context": "DataFrameSchema",
    "column": "ProcessedFeatureSchema",
    "check": "column_in_dataframe",
    "check_number": "None",
    "failure_case": "Title",
    "index": "None"
  },
  {
    "schema_context": "DataFrameSchema",
    "column": "ProcessedFeatureSchema",
    "check": "column_in_dataframe",
    "check_number": "None",
    "failure_case": "FamilySize",
    "index": "None"
  },
  {
    "schema_context": "DataFrameSchema",
    "column": "ProcessedFeatureSchema",
    "check": "column_in_dataframe",
    "check_number": "None",
    "failure_case": "IsAlone",
    "index": "None"
  },
  {
    "schema_context": "DataFrameSchema",
    "column": "ProcessedFeatureSchema",
    "check": "column_in_dataframe",
    "check_number": "None",
    "failure_case": "AgeBand",
    "index": "None"
  },
  {
    "schema_context": "DataFrameSchema",
    "column": "ProcessedFeatureSchema",
    "check": "column_in_dataframe",
    "check_number": "None",
    "failure_case": "FareBand",
    "index": "None"
  },
  {
    "schema_context": "DataFrameSchema",
    "column": "ProcessedFeatureSchema",
    "check": "column_in_dataframe",
    "check_number": "None",
    "failure_case": "Embarked",
    "index": "None"
  }
]]]></message></reason><output><![CDATA[WARNING  schema:schema.py:455 ⚠️  ProcessedFeatureSchema validation found 10 issue(s):
[
  {
    "schema_context": "DataFrameSchema",
    "column": "ProcessedFeatureSchema",
    "check": "column_in_dataframe",
    "check_number": "None",
    "failure_case": "Age",
    "index": "None"
  },
  {
    "schema_context": "DataFrameSchema",
    "column": "ProcessedFeatureSchema",
    "check": "column_in_dataframe",
    "check_number": "None",
    "failure_case": "SibSp",
    "index": "None"
  },
  {
    "schema_context": "DataFrameSchema",
    "column": "ProcessedFeatureSchema",
    "check": "column_in_dataframe",
    "check_number": "None",
    "failure_case": "Parch",
    "index": "None"
  },
  {
    "schema_context": "DataFrameSchema",
    "column": "ProcessedFeatureSchema",
    "check": "column_in_dataframe",
    "check_number": "None",
    "failure_case": "Fare",
    "index": "None"
  },
  {
    "schema_context": "DataFrameSchema",
    "column": "ProcessedFeatureSchema",
    "check": "column_in_dataframe",
    "check_number": "None",
    "failure_case": "Title",
    "index": "None"
  },
  {
    "schema_context": "DataFrameSchema",
    "column": "ProcessedFeatureSchema",
    "check": "column_in_dataframe",
    "check_number": "None",
    "failure_case": "FamilySize",
    "index": "None"
  },
  {
    "schema_context": "DataFrameSchema",
    "column": "ProcessedFeatureSchema",
    "check": "column_in_dataframe",
    "check_number": "None",
    "failure_case": "IsAlone",
    "index": "None"
  },
  {
    "schema_context": "DataFrameSchema",
    "column": "ProcessedFeatureSchema",
    "check": "column_in_dataframe",
    "check_number": "None",
    "failure_case": "AgeBand",
    "index": "None"
  },
  {
    "schema_context": "DataFrameSchema",
    "column": "ProcessedFeatureSchema",
    "check": "column_in_dataframe",
    "check_number": "None",
    "failure_case": "FareBand",
    "index": "None"
  },
  {
    "schema_context": "DataFrameSchema",
    "column": "ProcessedFeatureSchema",
    "check": "column_in_dataframe",
    "check_number": "None",
    "failure_case": "Embarked",
    "index": "None"
  }
]
WARNING  schema:schema.py:455 ⚠️  ProcessedFeatureSchema validation found 10 issue(s):
[
  {
    "schema_context": "DataFrameSchema",
    "column": "ProcessedFeatureSchema",
    "check": "column_in_dataframe",
    "check_number": "None",
    "failure_case": "Age",
    "index": "None"
  },
  {
    "schema_context": "DataFrameSchema",
    "column": "ProcessedFeatureSchema",
    "check": "column_in_dataframe",
    "check_number": "None",
    "failure_case": "SibSp",
    "index": "None"
  },
  {
    "schema_context": "DataFrameSchema",
    "column": "ProcessedFeatureSchema",
    "check": "column_in_dataframe",
    "check_number": "None",
    "failure_case": "Parch",
    "index": "None"
  },
  {
    "schema_context": "DataFrameSchema",
    "column": "ProcessedFeatureSchema",
    "check": "column_in_dataframe",
    "check_number": "None",
    "failure_case": "Fare",
    "index": "None"
  },
  {
    "schema_context": "DataFrameSchema",
    "column": "ProcessedFeatureSchema",
    "check": "column_in_dataframe",
    "check_number": "None",
    "failure_case": "Title",
    "index": "None"
  },
  {
    "schema_context": "DataFrameSchema",
    "column": "ProcessedFeatureSchema",
    "check": "column_in_dataframe",
    "check_number": "None",
    "failure_case": "FamilySize",
    "index": "None"
  },
  {
    "schema_context": "DataFrameSchema",
    "column": "ProcessedFeatureSchema",
    "check": "column_in_dataframe",
    "check_number": "None",
    "failure_case": "IsAlone",
    "index": "None"
  },
  {
    "schema_context": "DataFrameSchema",
    "column": "ProcessedFeatureSchema",
    "check": "column_in_dataframe",
    "check_number": "None",
    "failure_case": "AgeBand",
    "index": "None"
  },
  {
    "schema_context": "DataFrameSchema",
    "column": "ProcessedFeatureSchema",
    "check": "column_in_dataframe",
    "check_number": "None",
    "failure_case": "FareBand",
    "index": "None"
  },
  {
    "schema_context": "DataFrameSchema",
    "column": "ProcessedFeatureSchema",
    "check": "column_in_dataframe",
    "check_number": "None",
    "failure_case": "Embarked",
    "index": "None"
  }
]]]></output></test-case><test-case id="146" name="tests/unit/test_schema.py::TestSchemaValidation::test_schema_validation_result" fullname="tests/unit/test_schema.py::TestSchemaValidation::test_schema_validation_result" methodname="test_schema_validation_result" classname="TestSchemaValidation" runstate="Runnable" seed="1" result="Passed" label="" start-time="2026-05-24 09:25:03.670703" end-time="2026-05-24 09:25:03.671094" duration="0.000391" asserts="0"><properties><property name="python-version" value="3.14.5 (tags/v3.14.5:5607950, May 10 2026, 10:43:50) [MSC v.1944 64 bit (AMD64)]" /><property name="fspath" value="tests/unit/test_schema.py" /></properties><environment framework-version="3.6.2" clr-version="3.14.5 (tags/v3.14.5:5607950, May 10 2026, 10:43:50) [MSC v.1944 64 bit (AMD64)]" os-version="11" platform="Windows" cwd="C:\Users\Suriya\OneDrive\Desktop\logistic_regression" machine-name="AMD64" user="" user-domain="" culture="en_IN" uiculture="en_IN" os-architecture="64bit" /><failure><message><![CDATA[]]></message><stack-trace><![CDATA[None]]></stack-trace></failure><reason><message><![CDATA[]]></message></reason><output><![CDATA[]]></output></test-case><test-case id="147" name="tests/unit/test_schema.py::TestSchemaValidation::test_parse_pandera_errors_exception" fullname="tests/unit/test_schema.py::TestSchemaValidation::test_parse_pandera_errors_exception" methodname="test_parse_pandera_errors_exception" classname="TestSchemaValidation" runstate="Runnable" seed="1" result="Passed" label="" start-time="2026-05-24 09:25:03.671438" end-time="2026-05-24 09:25:03.671822" duration="0.000384" asserts="0"><properties><property name="python-version" value="3.14.5 (tags/v3.14.5:5607950, May 10 2026, 10:43:50) [MSC v.1944 64 bit (AMD64)]" /><property name="fspath" value="tests/unit/test_schema.py" /></properties><environment framework-version="3.6.2" clr-version="3.14.5 (tags/v3.14.5:5607950, May 10 2026, 10:43:50) [MSC v.1944 64 bit (AMD64)]" os-version="11" platform="Windows" cwd="C:\Users\Suriya\OneDrive\Desktop\logistic_regression" machine-name="AMD64" user="" user-domain="" culture="en_IN" uiculture="en_IN" os-architecture="64bit" /><failure><message><![CDATA[]]></message><stack-trace><![CDATA[None]]></stack-trace></failure><reason><message><![CDATA[]]></message></reason><output><![CDATA[]]></output></test-case><environment framework-version="3.6.2" clr-version="3.14.5 (tags/v3.14.5:5607950, May 10 2026, 10:43:50) [MSC v.1944 64 bit (AMD64)]" os-version="11" platform="Windows" cwd="C:\Users\Suriya\OneDrive\Desktop\logistic_regression" machine-name="AMD64" user="" user-domain="" culture="en_IN" uiculture="en_IN" os-architecture="64bit" /></test-suite><test-suite id="tests/unit/test_inference.py::TestBatchInferenceFunction" name="tests/unit/test_inference.py::TestBatchInferenceFunction" fullname="tests/unit/test_inference.py::TestBatchInferenceFunction" methodname="" classname="" runstate="Runnable" type="Assembly" testcasecount="3" result="Passed" label="Test batch_inference function." start-time="2026-05-24 09:25:03.472209" end-time="2026-05-24 09:25:03.548047" duration="0.075838" asserts="0" total="3" passed="3" failed="0" warnings="0" inconclusive="0" skipped="0"><properties><property name="python_version" value="3.14.5 (tags/v3.14.5:5607950, May 10 2026, 10:43:50) [MSC v.1944 64 bit (AMD64)]" /></properties><test-case id="136" name="tests/unit/test_inference.py::TestBatchInferenceFunction::test_batch_inference_execution" fullname="tests/unit/test_inference.py::TestBatchInferenceFunction::test_batch_inference_execution" methodname="test_batch_inference_execution" classname="TestBatchInferenceFunction" runstate="Runnable" seed="1" result="Passed" label="" start-time="2026-05-24 09:25:03.472209" end-time="2026-05-24 09:25:03.541704" duration="0.069495" asserts="0"><properties><property name="python-version" value="3.14.5 (tags/v3.14.5:5607950, May 10 2026, 10:43:50) [MSC v.1944 64 bit (AMD64)]" /><property name="fspath" value="tests/unit/test_inference.py" /></properties><environment framework-version="3.6.2" clr-version="3.14.5 (tags/v3.14.5:5607950, May 10 2026, 10:43:50) [MSC v.1944 64 bit (AMD64)]" os-version="11" platform="Windows" cwd="C:\Users\Suriya\OneDrive\Desktop\logistic_regression" machine-name="AMD64" user="" user-domain="" culture="en_IN" uiculture="en_IN" os-architecture="64bit" /><failure><message><![CDATA[]]></message><stack-trace><![CDATA[None]]></stack-trace></failure><reason><message><![CDATA[]]></message></reason><output><![CDATA[]]></output></test-case><test-case id="137" name="tests/unit/test_inference.py::TestBatchInferenceFunction::test_batch_inference_exception" fullname="tests/unit/test_inference.py::TestBatchInferenceFunction::test_batch_inference_exception" methodname="test_batch_inference_exception" classname="TestBatchInferenceFunction" runstate="Runnable" seed="1" result="Passed" label="" start-time="2026-05-24 09:25:03.542270" end-time="2026-05-24 09:25:03.543236" duration="0.000966" asserts="0"><properties><property name="python-version" value="3.14.5 (tags/v3.14.5:5607950, May 10 2026, 10:43:50) [MSC v.1944 64 bit (AMD64)]" /><property name="fspath" value="tests/unit/test_inference.py" /></properties><environment framework-version="3.6.2" clr-version="3.14.5 (tags/v3.14.5:5607950, May 10 2026, 10:43:50) [MSC v.1944 64 bit (AMD64)]" os-version="11" platform="Windows" cwd="C:\Users\Suriya\OneDrive\Desktop\logistic_regression" machine-name="AMD64" user="" user-domain="" culture="en_IN" uiculture="en_IN" os-architecture="64bit" /><failure><message><![CDATA[]]></message><stack-trace><![CDATA[None]]></stack-trace></failure><reason><message><![CDATA[ERROR    inference:inference.py:180 Error during batch inference: [Errno 2] No such file or directory: 'fake_model'
Traceback (most recent call last):
  File "C:\Users\Suriya\OneDrive\Desktop\logistic_regression\src\inference.py", line 156, in batch_inference
    inference = ModelInference(model_path, preprocessor_path)
  File "C:\Users\Suriya\OneDrive\Desktop\logistic_regression\src\inference.py", line 35, in __init__
    self.model = joblib.load(model_path)
                 ~~~~~~~~~~~^^^^^^^^^^^^
  File "C:\Users\Suriya\OneDrive\Desktop\logistic_regression\.venv\Lib\site-packages\joblib\numpy_pickle.py", line 735, in load
    with open(filename, "rb") as f:
         ~~~~^^^^^^^^^^^^^^^^
FileNotFoundError: [Errno 2] No such file or directory: 'fake_model']]></message></reason><output><![CDATA[ERROR    inference:inference.py:180 Error during batch inference: [Errno 2] No such file or directory: 'fake_model'
Traceback (most recent call last):
  File "C:\Users\Suriya\OneDrive\Desktop\logistic_regression\src\inference.py", line 156, in batch_inference
    inference = ModelInference(model_path, preprocessor_path)
  File "C:\Users\Suriya\OneDrive\Desktop\logistic_regression\src\inference.py", line 35, in __init__
    self.model = joblib.load(model_path)
                 ~~~~~~~~~~~^^^^^^^^^^^^
  File "C:\Users\Suriya\OneDrive\Desktop\logistic_regression\.venv\Lib\site-packages\joblib\numpy_pickle.py", line 735, in load
    with open(filename, "rb") as f:
         ~~~~^^^^^^^^^^^^^^^^
FileNotFoundError: [Errno 2] No such file or directory: 'fake_model']]></output></test-case><test-case id="138" name="tests/unit/test_inference.py::TestBatchInferenceFunction::test_main_execution" fullname="tests/unit/test_inference.py::TestBatchInferenceFunction::test_main_execution" methodname="test_main_execution" classname="TestBatchInferenceFunction" runstate="Runnable" seed="1" result="Passed" label="" start-time="2026-05-24 09:25:03.545303" end-time="2026-05-24 09:25:03.548047" duration="0.002744" asserts="0"><properties><property name="python-version" value="3.14.5 (tags/v3.14.5:5607950, May 10 2026, 10:43:50) [MSC v.1944 64 bit (AMD64)]" /><property name="fspath" value="tests/unit/test_inference.py" /></properties><environment framework-version="3.6.2" clr-version="3.14.5 (tags/v3.14.5:5607950, May 10 2026, 10:43:50) [MSC v.1944 64 bit (AMD64)]" os-version="11" platform="Windows" cwd="C:\Users\Suriya\OneDrive\Desktop\logistic_regression" machine-name="AMD64" user="" user-domain="" culture="en_IN" uiculture="en_IN" os-architecture="64bit" /><failure><message><![CDATA[]]></message><stack-trace><![CDATA[None]]></stack-trace></failure><reason><message><![CDATA[]]></message></reason><output><![CDATA[]]></output></test-case><environment framework-version="3.6.2" clr-version="3.14.5 (tags/v3.14.5:5607950, May 10 2026, 10:43:50) [MSC v.1944 64 bit (AMD64)]" os-version="11" platform="Windows" cwd="C:\Users\Suriya\OneDrive\Desktop\logistic_regression" machine-name="AMD64" user="" user-domain="" culture="en_IN" uiculture="en_IN" os-architecture="64bit" /></test-suite><test-suite id="tests/unit/test_data_processing.py::TestDataProcessor" name="tests/unit/test_data_processing.py::TestDataProcessor" fullname="tests/unit/test_data_processing.py::TestDataProcessor" methodname="" classname="" runstate="Runnable" type="Assembly" testcasecount="16" result="Passed" label="Test cases for DataProcessor class." start-time="2026-05-24 09:25:00.293770" end-time="2026-05-24 09:25:00.557113" duration="0.263343" asserts="0" total="16" passed="16" failed="0" warnings="0" inconclusive="0" skipped="0"><properties><property name="python_version" value="3.14.5 (tags/v3.14.5:5607950, May 10 2026, 10:43:50) [MSC v.1944 64 bit (AMD64)]" /></properties><test-case id="100" name="tests/unit/test_data_processing.py::TestDataProcessor::test_data_processor_initialization" fullname="tests/unit/test_data_processing.py::TestDataProcessor::test_data_processor_initialization" methodname="test_data_processor_initialization" classname="TestDataProcessor" runstate="Runnable" seed="1" result="Passed" label="Test DataProcessor can be initialized." start-time="2026-05-24 09:25:00.293770" end-time="2026-05-24 09:25:00.294820" duration="0.00105" asserts="0"><properties><property name="python-version" value="3.14.5 (tags/v3.14.5:5607950, May 10 2026, 10:43:50) [MSC v.1944 64 bit (AMD64)]" /><property name="fspath" value="tests/unit/test_data_processing.py" /></properties><environment framework-version="3.6.2" clr-version="3.14.5 (tags/v3.14.5:5607950, May 10 2026, 10:43:50) [MSC v.1944 64 bit (AMD64)]" os-version="11" platform="Windows" cwd="C:\Users\Suriya\OneDrive\Desktop\logistic_regression" machine-name="AMD64" user="" user-domain="" culture="en_IN" uiculture="en_IN" os-architecture="64bit" /><failure><message><![CDATA[]]></message><stack-trace><![CDATA[None]]></stack-trace></failure><reason><message><![CDATA[]]></message></reason><output><![CDATA[]]></output></test-case><test-case id="101" name="tests/unit/test_data_processing.py::TestDataProcessor::test_load_data" fullname="tests/unit/test_data_processing.py::TestDataProcessor::test_load_data" methodname="test_load_data" classname="TestDataProcessor" runstate="Runnable" seed="1" result="Passed" label="Test data loading from CSV." start-time="2026-05-24 09:25:00.301589" end-time="2026-05-24 09:25:00.368691" duration="0.067102" asserts="0"><properties><property name="python-version" value="3.14.5 (tags/v3.14.5:5607950, May 10 2026, 10:43:50) [MSC v.1944 64 bit (AMD64)]" /><property name="fspath" value="tests/unit/test_data_processing.py" /></properties><environment framework-version="3.6.2" clr-version="3.14.5 (tags/v3.14.5:5607950, May 10 2026, 10:43:50) [MSC v.1944 64 bit (AMD64)]" os-version="11" platform="Windows" cwd="C:\Users\Suriya\OneDrive\Desktop\logistic_regression" machine-name="AMD64" user="" user-domain="" culture="en_IN" uiculture="en_IN" os-architecture="64bit" /><failure><message><![CDATA[]]></message><stack-trace><![CDATA[None]]></stack-trace></failure><reason><message><![CDATA[]]></message></reason><output><![CDATA[]]></output></test-case><test-case id="102" name="tests/unit/test_data_processing.py::TestDataProcessor::test_load_data_exception" fullname="tests/unit/test_data_processing.py::TestDataProcessor::test_load_data_exception" methodname="test_load_data_exception" classname="TestDataProcessor" runstate="Runnable" seed="1" result="Passed" label="" start-time="2026-05-24 09:25:00.369267" end-time="2026-05-24 09:25:00.370284" duration="0.001017" asserts="0"><properties><property name="python-version" value="3.14.5 (tags/v3.14.5:5607950, May 10 2026, 10:43:50) [MSC v.1944 64 bit (AMD64)]" /><property name="fspath" value="tests/unit/test_data_processing.py" /></properties><environment framework-version="3.6.2" clr-version="3.14.5 (tags/v3.14.5:5607950, May 10 2026, 10:43:50) [MSC v.1944 64 bit (AMD64)]" os-version="11" platform="Windows" cwd="C:\Users\Suriya\OneDrive\Desktop\logistic_regression" machine-name="AMD64" user="" user-domain="" culture="en_IN" uiculture="en_IN" os-architecture="64bit" /><failure><message><![CDATA[]]></message><stack-trace><![CDATA[None]]></stack-trace></failure><reason><message><![CDATA[]]></message></reason><output><![CDATA[]]></output></test-case><test-case id="103" name="tests/unit/test_data_processing.py::TestDataProcessor::test_pandera_missing" fullname="tests/unit/test_data_processing.py::TestDataProcessor::test_pandera_missing" methodname="test_pandera_missing" classname="TestDataProcessor" runstate="Runnable" seed="1" result="Passed" label="" start-time="2026-05-24 09:25:00.370759" end-time="2026-05-24 09:25:00.371519" duration="0.00076" asserts="0"><properties><property name="python-version" value="3.14.5 (tags/v3.14.5:5607950, May 10 2026, 10:43:50) [MSC v.1944 64 bit (AMD64)]" /><property name="fspath" value="tests/unit/test_data_processing.py" /></properties><environment framework-version="3.6.2" clr-version="3.14.5 (tags/v3.14.5:5607950, May 10 2026, 10:43:50) [MSC v.1944 64 bit (AMD64)]" os-version="11" platform="Windows" cwd="C:\Users\Suriya\OneDrive\Desktop\logistic_regression" machine-name="AMD64" user="" user-domain="" culture="en_IN" uiculture="en_IN" os-architecture="64bit" /><failure><message><![CDATA[]]></message><stack-trace><![CDATA[None]]></stack-trace></failure><reason><message><![CDATA[]]></message></reason><output><![CDATA[]]></output></test-case><test-case id="104" name="tests/unit/test_data_processing.py::TestDataProcessor::test_handle_missing_values" fullname="tests/unit/test_data_processing.py::TestDataProcessor::test_handle_missing_values" methodname="test_handle_missing_values" classname="TestDataProcessor" runstate="Runnable" seed="1" result="Passed" label="Test handling of missing values." start-time="2026-05-24 09:25:00.371929" end-time="2026-05-24 09:25:00.374454" duration="0.002525" asserts="0"><properties><property name="python-version" value="3.14.5 (tags/v3.14.5:5607950, May 10 2026, 10:43:50) [MSC v.1944 64 bit (AMD64)]" /><property name="fspath" value="tests/unit/test_data_processing.py" /></properties><environment framework-version="3.6.2" clr-version="3.14.5 (tags/v3.14.5:5607950, May 10 2026, 10:43:50) [MSC v.1944 64 bit (AMD64)]" os-version="11" platform="Windows" cwd="C:\Users\Suriya\OneDrive\Desktop\logistic_regression" machine-name="AMD64" user="" user-domain="" culture="en_IN" uiculture="en_IN" os-architecture="64bit" /><failure><message><![CDATA[]]></message><stack-trace><![CDATA[None]]></stack-trace></failure><reason><message><![CDATA[]]></message></reason><output><![CDATA[]]></output></test-case><test-case id="105" name="tests/unit/test_data_processing.py::TestDataProcessor::test_handle_missing_values_with_cabin" fullname="tests/unit/test_data_processing.py::TestDataProcessor::test_handle_missing_values_with_cabin" methodname="test_handle_missing_values_with_cabin" classname="TestDataProcessor" runstate="Runnable" seed="1" result="Passed" label="" start-time="2026-05-24 09:25:00.374875" end-time="2026-05-24 09:25:00.376655" duration="0.00178" asserts="0"><properties><property name="python-version" value="3.14.5 (tags/v3.14.5:5607950, May 10 2026, 10:43:50) [MSC v.1944 64 bit (AMD64)]" /><property name="fspath" value="tests/unit/test_data_processing.py" /></properties><environment framework-version="3.6.2" clr-version="3.14.5 (tags/v3.14.5:5607950, May 10 2026, 10:43:50) [MSC v.1944 64 bit (AMD64)]" os-version="11" platform="Windows" cwd="C:\Users\Suriya\OneDrive\Desktop\logistic_regression" machine-name="AMD64" user="" user-domain="" culture="en_IN" uiculture="en_IN" os-architecture="64bit" /><failure><message><![CDATA[]]></message><stack-trace><![CDATA[None]]></stack-trace></failure><reason><message><![CDATA[]]></message></reason><output><![CDATA[]]></output></test-case><test-case id="106" name="tests/unit/test_data_processing.py::TestDataProcessor::test_data_shape" fullname="tests/unit/test_data_processing.py::TestDataProcessor::test_data_shape" methodname="test_data_shape" classname="TestDataProcessor" runstate="Runnable" seed="1" result="Passed" label="" start-time="2026-05-24 09:25:00.377418" end-time="2026-05-24 09:25:00.377777" duration="0.000359" asserts="0"><properties><property name="python-version" value="3.14.5 (tags/v3.14.5:5607950, May 10 2026, 10:43:50) [MSC v.1944 64 bit (AMD64)]" /><property name="fspath" value="tests/unit/test_data_processing.py" /></properties><environment framework-version="3.6.2" clr-version="3.14.5 (tags/v3.14.5:5607950, May 10 2026, 10:43:50) [MSC v.1944 64 bit (AMD64)]" os-version="11" platform="Windows" cwd="C:\Users\Suriya\OneDrive\Desktop\logistic_regression" machine-name="AMD64" user="" user-domain="" culture="en_IN" uiculture="en_IN" os-architecture="64bit" /><failure><message><![CDATA[]]></message><stack-trace><![CDATA[None]]></stack-trace></failure><reason><message><![CDATA[]]></message></reason><output><![CDATA[]]></output></test-case><test-case id="107" name="tests/unit/test_data_processing.py::TestDataProcessor::test_missing_values_detection" fullname="tests/unit/test_data_processing.py::TestDataProcessor::test_missing_values_detection" methodname="test_missing_values_detection" classname="TestDataProcessor" runstate="Runnable" seed="1" result="Passed" label="" start-time="2026-05-24 09:25:00.378131" end-time="2026-05-24 09:25:00.378897" duration="0.000766" asserts="0"><properties><property name="python-version" value="3.14.5 (tags/v3.14.5:5607950, May 10 2026, 10:43:50) [MSC v.1944 64 bit (AMD64)]" /><property name="fspath" value="tests/unit/test_data_processing.py" /></properties><environment framework-version="3.6.2" clr-version="3.14.5 (tags/v3.14.5:5607950, May 10 2026, 10:43:50) [MSC v.1944 64 bit (AMD64)]" os-version="11" platform="Windows" cwd="C:\Users\Suriya\OneDrive\Desktop\logistic_regression" machine-name="AMD64" user="" user-domain="" culture="en_IN" uiculture="en_IN" os-architecture="64bit" /><failure><message><![CDATA[]]></message><stack-trace><![CDATA[None]]></stack-trace></failure><reason><message><![CDATA[]]></message></reason><output><![CDATA[]]></output></test-case><test-case id="108" name="tests/unit/test_data_processing.py::TestDataProcessor::test_data_types" fullname="tests/unit/test_data_processing.py::TestDataProcessor::test_data_types" methodname="test_data_types" classname="TestDataProcessor" runstate="Runnable" seed="1" result="Passed" label="" start-time="2026-05-24 09:25:00.379747" end-time="2026-05-24 09:25:00.380269" duration="0.000522" asserts="0"><properties><property name="python-version" value="3.14.5 (tags/v3.14.5:5607950, May 10 2026, 10:43:50) [MSC v.1944 64 bit (AMD64)]" /><property name="fspath" value="tests/unit/test_data_processing.py" /></properties><environment framework-version="3.6.2" clr-version="3.14.5 (tags/v3.14.5:5607950, May 10 2026, 10:43:50) [MSC v.1944 64 bit (AMD64)]" os-version="11" platform="Windows" cwd="C:\Users\Suriya\OneDrive\Desktop\logistic_regression" machine-name="AMD64" user="" user-domain="" culture="en_IN" uiculture="en_IN" os-architecture="64bit" /><failure><message><![CDATA[]]></message><stack-trace><![CDATA[None]]></stack-trace></failure><reason><message><![CDATA[]]></message></reason><output><![CDATA[]]></output></test-case><test-case id="109" name="tests/unit/test_data_processing.py::TestDataProcessor::test_feature_engineering" fullname="tests/unit/test_data_processing.py::TestDataProcessor::test_feature_engineering" methodname="test_feature_engineering" classname="TestDataProcessor" runstate="Runnable" seed="1" result="Passed" label="" start-time="2026-05-24 09:25:00.381055" end-time="2026-05-24 09:25:00.385889" duration="0.004834" asserts="0"><properties><property name="python-version" value="3.14.5 (tags/v3.14.5:5607950, May 10 2026, 10:43:50) [MSC v.1944 64 bit (AMD64)]" /><property name="fspath" value="tests/unit/test_data_processing.py" /></properties><environment framework-version="3.6.2" clr-version="3.14.5 (tags/v3.14.5:5607950, May 10 2026, 10:43:50) [MSC v.1944 64 bit (AMD64)]" os-version="11" platform="Windows" cwd="C:\Users\Suriya\OneDrive\Desktop\logistic_regression" machine-name="AMD64" user="" user-domain="" culture="en_IN" uiculture="en_IN" os-architecture="64bit" /><failure><message><![CDATA[]]></message><stack-trace><![CDATA[None]]></stack-trace></failure><reason><message><![CDATA[]]></message></reason><output><![CDATA[]]></output></test-case><test-case id="110" name="tests/unit/test_data_processing.py::TestDataProcessor::test_encode_categorical_features" fullname="tests/unit/test_data_processing.py::TestDataProcessor::test_encode_categorical_features" methodname="test_encode_categorical_features" classname="TestDataProcessor" runstate="Runnable" seed="1" result="Passed" label="" start-time="2026-05-24 09:25:00.387174" end-time="2026-05-24 09:25:00.392260" duration="0.005086" asserts="0"><properties><property name="python-version" value="3.14.5 (tags/v3.14.5:5607950, May 10 2026, 10:43:50) [MSC v.1944 64 bit (AMD64)]" /><property name="fspath" value="tests/unit/test_data_processing.py" /></properties><environment framework-version="3.6.2" clr-version="3.14.5 (tags/v3.14.5:5607950, May 10 2026, 10:43:50) [MSC v.1944 64 bit (AMD64)]" os-version="11" platform="Windows" cwd="C:\Users\Suriya\OneDrive\Desktop\logistic_regression" machine-name="AMD64" user="" user-domain="" culture="en_IN" uiculture="en_IN" os-architecture="64bit" /><failure><message><![CDATA[]]></message><stack-trace><![CDATA[None]]></stack-trace></failure><reason><message><![CDATA[]]></message></reason><output><![CDATA[]]></output></test-case><test-case id="111" name="tests/unit/test_data_processing.py::TestDataProcessor::test_select_features" fullname="tests/unit/test_data_processing.py::TestDataProcessor::test_select_features" methodname="test_select_features" classname="TestDataProcessor" runstate="Runnable" seed="1" result="Passed" label="" start-time="2026-05-24 09:25:00.393006" end-time="2026-05-24 09:25:00.404765" duration="0.011759" asserts="0"><properties><property name="python-version" value="3.14.5 (tags/v3.14.5:5607950, May 10 2026, 10:43:50) [MSC v.1944 64 bit (AMD64)]" /><property name="fspath" value="tests/unit/test_data_processing.py" /></properties><environment framework-version="3.6.2" clr-version="3.14.5 (tags/v3.14.5:5607950, May 10 2026, 10:43:50) [MSC v.1944 64 bit (AMD64)]" os-version="11" platform="Windows" cwd="C:\Users\Suriya\OneDrive\Desktop\logistic_regression" machine-name="AMD64" user="" user-domain="" culture="en_IN" uiculture="en_IN" os-architecture="64bit" /><failure><message><![CDATA[]]></message><stack-trace><![CDATA[None]]></stack-trace></failure><reason><message><![CDATA[]]></message></reason><output><![CDATA[]]></output></test-case><test-case id="112" name="tests/unit/test_data_processing.py::TestDataProcessor::test_scale_features" fullname="tests/unit/test_data_processing.py::TestDataProcessor::test_scale_features" methodname="test_scale_features" classname="TestDataProcessor" runstate="Runnable" seed="1" result="Passed" label="" start-time="2026-05-24 09:25:00.405979" end-time="2026-05-24 09:25:00.418830" duration="0.012851" asserts="0"><properties><property name="python-version" value="3.14.5 (tags/v3.14.5:5607950, May 10 2026, 10:43:50) [MSC v.1944 64 bit (AMD64)]" /><property name="fspath" value="tests/unit/test_data_processing.py" /></properties><environment framework-version="3.6.2" clr-version="3.14.5 (tags/v3.14.5:5607950, May 10 2026, 10:43:50) [MSC v.1944 64 bit (AMD64)]" os-version="11" platform="Windows" cwd="C:\Users\Suriya\OneDrive\Desktop\logistic_regression" machine-name="AMD64" user="" user-domain="" culture="en_IN" uiculture="en_IN" os-architecture="64bit" /><failure><message><![CDATA[]]></message><stack-trace><![CDATA[None]]></stack-trace></failure><reason><message><![CDATA[]]></message></reason><output><![CDATA[]]></output></test-case><test-case id="113" name="tests/unit/test_data_processing.py::TestDataProcessor::test_process_data_training" fullname="tests/unit/test_data_processing.py::TestDataProcessor::test_process_data_training" methodname="test_process_data_training" classname="TestDataProcessor" runstate="Runnable" seed="1" result="Passed" label="" start-time="2026-05-24 09:25:00.421100" end-time="2026-05-24 09:25:00.458327" duration="0.037227" asserts="0"><properties><property name="python-version" value="3.14.5 (tags/v3.14.5:5607950, May 10 2026, 10:43:50) [MSC v.1944 64 bit (AMD64)]" /><property name="fspath" value="tests/unit/test_data_processing.py" /></properties><environment framework-version="3.6.2" clr-version="3.14.5 (tags/v3.14.5:5607950, May 10 2026, 10:43:50) [MSC v.1944 64 bit (AMD64)]" os-version="11" platform="Windows" cwd="C:\Users\Suriya\OneDrive\Desktop\logistic_regression" machine-name="AMD64" user="" user-domain="" culture="en_IN" uiculture="en_IN" os-architecture="64bit" /><failure><message><![CDATA[]]></message><stack-trace><![CDATA[None]]></stack-trace></failure><reason><message><![CDATA[]]></message></reason><output><![CDATA[]]></output></test-case><test-case id="114" name="tests/unit/test_data_processing.py::TestDataProcessor::test_process_data_inference" fullname="tests/unit/test_data_processing.py::TestDataProcessor::test_process_data_inference" methodname="test_process_data_inference" classname="TestDataProcessor" runstate="Runnable" seed="1" result="Passed" label="" start-time="2026-05-24 09:25:00.461502" end-time="2026-05-24 09:25:00.520490" duration="0.058988" asserts="0"><properties><property name="python-version" value="3.14.5 (tags/v3.14.5:5607950, May 10 2026, 10:43:50) [MSC v.1944 64 bit (AMD64)]" /><property name="fspath" value="tests/unit/test_data_processing.py" /></properties><environment framework-version="3.6.2" clr-version="3.14.5 (tags/v3.14.5:5607950, May 10 2026, 10:43:50) [MSC v.1944 64 bit (AMD64)]" os-version="11" platform="Windows" cwd="C:\Users\Suriya\OneDrive\Desktop\logistic_regression" machine-name="AMD64" user="" user-domain="" culture="en_IN" uiculture="en_IN" os-architecture="64bit" /><failure><message><![CDATA[]]></message><stack-trace><![CDATA[None]]></stack-trace></failure><reason><message><![CDATA[]]></message></reason><output><![CDATA[]]></output></test-case><test-case id="115" name="tests/unit/test_data_processing.py::TestDataProcessor::test_save_load_preprocessor" fullname="tests/unit/test_data_processing.py::TestDataProcessor::test_save_load_preprocessor" methodname="test_save_load_preprocessor" classname="TestDataProcessor" runstate="Runnable" seed="1" result="Passed" label="" start-time="2026-05-24 09:25:00.522755" end-time="2026-05-24 09:25:00.557113" duration="0.034358" asserts="0"><properties><property name="python-version" value="3.14.5 (tags/v3.14.5:5607950, May 10 2026, 10:43:50) [MSC v.1944 64 bit (AMD64)]" /><property name="fspath" value="tests/unit/test_data_processing.py" /></properties><environment framework-version="3.6.2" clr-version="3.14.5 (tags/v3.14.5:5607950, May 10 2026, 10:43:50) [MSC v.1944 64 bit (AMD64)]" os-version="11" platform="Windows" cwd="C:\Users\Suriya\OneDrive\Desktop\logistic_regression" machine-name="AMD64" user="" user-domain="" culture="en_IN" uiculture="en_IN" os-architecture="64bit" /><failure><message><![CDATA[]]></message><stack-trace><![CDATA[None]]></stack-trace></failure><reason><message><![CDATA[]]></message></reason><output><![CDATA[]]></output></test-case><environment framework-version="3.6.2" clr-version="3.14.5 (tags/v3.14.5:5607950, May 10 2026, 10:43:50) [MSC v.1944 64 bit (AMD64)]" os-version="11" platform="Windows" cwd="C:\Users\Suriya\OneDrive\Desktop\logistic_regression" machine-name="AMD64" user="" user-domain="" culture="en_IN" uiculture="en_IN" os-architecture="64bit" /></test-suite><test-suite id="tests/unit/test_inference.py::TestModelInferenceClass" name="tests/unit/test_inference.py::TestModelInferenceClass" fullname="tests/unit/test_inference.py::TestModelInferenceClass" methodname="" classname="" runstate="Runnable" type="Assembly" testcasecount="5" result="Passed" label="Test ModelInference class from inference.py." start-time="2026-05-24 09:25:03.263281" end-time="2026-05-24 09:25:03.469796" duration="0.206515" asserts="0" total="5" passed="5" failed="0" warnings="0" inconclusive="0" skipped="0"><properties><property name="python_version" value="3.14.5 (tags/v3.14.5:5607950, May 10 2026, 10:43:50) [MSC v.1944 64 bit (AMD64)]" /></properties><test-case id="131" name="tests/unit/test_inference.py::TestModelInferenceClass::test_predict_dataframe" fullname="tests/unit/test_inference.py::TestModelInferenceClass::test_predict_dataframe" methodname="test_predict_dataframe" classname="TestModelInferenceClass" runstate="Runnable" seed="1" result="Passed" label="" start-time="2026-05-24 09:25:03.263281" end-time="2026-05-24 09:25:03.281732" duration="0.018451" asserts="0"><properties><property name="python-version" value="3.14.5 (tags/v3.14.5:5607950, May 10 2026, 10:43:50) [MSC v.1944 64 bit (AMD64)]" /><property name="fspath" value="tests/unit/test_inference.py" /></properties><environment framework-version="3.6.2" clr-version="3.14.5 (tags/v3.14.5:5607950, May 10 2026, 10:43:50) [MSC v.1944 64 bit (AMD64)]" os-version="11" platform="Windows" cwd="C:\Users\Suriya\OneDrive\Desktop\logistic_regression" machine-name="AMD64" user="" user-domain="" culture="en_IN" uiculture="en_IN" os-architecture="64bit" /><failure><message><![CDATA[]]></message><stack-trace><![CDATA[None]]></stack-trace></failure><reason><message><![CDATA[]]></message></reason><output><![CDATA[]]></output></test-case><test-case id="132" name="tests/unit/test_inference.py::TestModelInferenceClass::test_predict_csv_path" fullname="tests/unit/test_inference.py::TestModelInferenceClass::test_predict_csv_path" methodname="test_predict_csv_path" classname="TestModelInferenceClass" runstate="Runnable" seed="1" result="Passed" label="" start-time="2026-05-24 09:25:03.321490" end-time="2026-05-24 09:25:03.344455" duration="0.022965" asserts="0"><properties><property name="python-version" value="3.14.5 (tags/v3.14.5:5607950, May 10 2026, 10:43:50) [MSC v.1944 64 bit (AMD64)]" /><property name="fspath" value="tests/unit/test_inference.py" /></properties><environment framework-version="3.6.2" clr-version="3.14.5 (tags/v3.14.5:5607950, May 10 2026, 10:43:50) [MSC v.1944 64 bit (AMD64)]" os-version="11" platform="Windows" cwd="C:\Users\Suriya\OneDrive\Desktop\logistic_regression" machine-name="AMD64" user="" user-domain="" culture="en_IN" uiculture="en_IN" os-architecture="64bit" /><failure><message><![CDATA[]]></message><stack-trace><![CDATA[None]]></stack-trace></failure><reason><message><![CDATA[]]></message></reason><output><![CDATA[]]></output></test-case><test-case id="133" name="tests/unit/test_inference.py::TestModelInferenceClass::test_predict_exception" fullname="tests/unit/test_inference.py::TestModelInferenceClass::test_predict_exception" methodname="test_predict_exception" classname="TestModelInferenceClass" runstate="Runnable" seed="1" result="Passed" label="" start-time="2026-05-24 09:25:03.380944" end-time="2026-05-24 09:25:03.383253" duration="0.002309" asserts="0"><properties><property name="python-version" value="3.14.5 (tags/v3.14.5:5607950, May 10 2026, 10:43:50) [MSC v.1944 64 bit (AMD64)]" /><property name="fspath" value="tests/unit/test_inference.py" /></properties><environment framework-version="3.6.2" clr-version="3.14.5 (tags/v3.14.5:5607950, May 10 2026, 10:43:50) [MSC v.1944 64 bit (AMD64)]" os-version="11" platform="Windows" cwd="C:\Users\Suriya\OneDrive\Desktop\logistic_regression" machine-name="AMD64" user="" user-domain="" culture="en_IN" uiculture="en_IN" os-architecture="64bit" /><failure><message><![CDATA[]]></message><stack-trace><![CDATA[None]]></stack-trace></failure><reason><message><![CDATA[ERROR    inference:inference.py:90 Error during inference: Test predict error
Traceback (most recent call last):
  File "C:\Users\Suriya\OneDrive\Desktop\logistic_regression\src\inference.py", line 55, in predict
    df = self.processor.load_data(data, is_training=False)
  File "C:\Users\Suriya\OneDrive\Desktop\logistic_regression\tests\unit\test_inference.py", line 185, in mock_process
    def mock_process(*args, **kwargs): raise ValueError("Test predict error")
                                       ^^^^^^^^^^^^^^^^^^^^^^^^^^^^^^^^^^^^^^
ValueError: Test predict error]]></message></reason><output><![CDATA[ERROR    inference:inference.py:90 Error during inference: Test predict error
Traceback (most recent call last):
  File "C:\Users\Suriya\OneDrive\Desktop\logistic_regression\src\inference.py", line 55, in predict
    df = self.processor.load_data(data, is_training=False)
  File "C:\Users\Suriya\OneDrive\Desktop\logistic_regression\tests\unit\test_inference.py", line 185, in mock_process
    def mock_process(*args, **kwargs): raise ValueError("Test predict error")
                                       ^^^^^^^^^^^^^^^^^^^^^^^^^^^^^^^^^^^^^^
ValueError: Test predict error]]></output></test-case><test-case id="134" name="tests/unit/test_inference.py::TestModelInferenceClass::test_predict_single" fullname="tests/unit/test_inference.py::TestModelInferenceClass::test_predict_single" methodname="test_predict_single" classname="TestModelInferenceClass" runstate="Runnable" seed="1" result="Passed" label="" start-time="2026-05-24 09:25:03.419594" end-time="2026-05-24 09:25:03.427939" duration="0.008345" asserts="0"><properties><property name="python-version" value="3.14.5 (tags/v3.14.5:5607950, May 10 2026, 10:43:50) [MSC v.1944 64 bit (AMD64)]" /><property name="fspath" value="tests/unit/test_inference.py" /></properties><environment framework-version="3.6.2" clr-version="3.14.5 (tags/v3.14.5:5607950, May 10 2026, 10:43:50) [MSC v.1944 64 bit (AMD64)]" os-version="11" platform="Windows" cwd="C:\Users\Suriya\OneDrive\Desktop\logistic_regression" machine-name="AMD64" user="" user-domain="" culture="en_IN" uiculture="en_IN" os-architecture="64bit" /><failure><message><![CDATA[]]></message><stack-trace><![CDATA[None]]></stack-trace></failure><reason><message><![CDATA[]]></message></reason><output><![CDATA[]]></output></test-case><test-case id="135" name="tests/unit/test_inference.py::TestModelInferenceClass::test_predict_single_exception" fullname="tests/unit/test_inference.py::TestModelInferenceClass::test_predict_single_exception" methodname="test_predict_single_exception" classname="TestModelInferenceClass" runstate="Runnable" seed="1" result="Passed" label="" start-time="2026-05-24 09:25:03.467914" end-time="2026-05-24 09:25:03.469796" duration="0.001882" asserts="0"><properties><property name="python-version" value="3.14.5 (tags/v3.14.5:5607950, May 10 2026, 10:43:50) [MSC v.1944 64 bit (AMD64)]" /><property name="fspath" value="tests/unit/test_inference.py" /></properties><environment framework-version="3.6.2" clr-version="3.14.5 (tags/v3.14.5:5607950, May 10 2026, 10:43:50) [MSC v.1944 64 bit (AMD64)]" os-version="11" platform="Windows" cwd="C:\Users\Suriya\OneDrive\Desktop\logistic_regression" machine-name="AMD64" user="" user-domain="" culture="en_IN" uiculture="en_IN" os-architecture="64bit" /><failure><message><![CDATA[]]></message><stack-trace><![CDATA[None]]></stack-trace></failure><reason><message><![CDATA[ERROR    inference:inference.py:137 Error during single inference: Test single predict error
Traceback (most recent call last):
  File "C:\Users\Suriya\OneDrive\Desktop\logistic_regression\src\inference.py", line 110, in predict_single
    df = self.processor.handle_missing_values(df)
  File "C:\Users\Suriya\OneDrive\Desktop\logistic_regression\tests\unit\test_inference.py", line 208, in mock_process
    def mock_process(*args, **kwargs): raise ValueError("Test single predict error")
                                       ^^^^^^^^^^^^^^^^^^^^^^^^^^^^^^^^^^^^^^^^^^^^^
ValueError: Test single predict error]]></message></reason><output><![CDATA[ERROR    inference:inference.py:137 Error during single inference: Test single predict error
Traceback (most recent call last):
  File "C:\Users\Suriya\OneDrive\Desktop\logistic_regression\src\inference.py", line 110, in predict_single
    df = self.processor.handle_missing_values(df)
  File "C:\Users\Suriya\OneDrive\Desktop\logistic_regression\tests\unit\test_inference.py", line 208, in mock_process
    def mock_process(*args, **kwargs): raise ValueError("Test single predict error")
                                       ^^^^^^^^^^^^^^^^^^^^^^^^^^^^^^^^^^^^^^^^^^^^^
ValueError: Test single predict error]]></output></test-case><environment framework-version="3.6.2" clr-version="3.14.5 (tags/v3.14.5:5607950, May 10 2026, 10:43:50) [MSC v.1944 64 bit (AMD64)]" os-version="11" platform="Windows" cwd="C:\Users\Suriya\OneDrive\Desktop\logistic_regression" machine-name="AMD64" user="" user-domain="" culture="en_IN" uiculture="en_IN" os-architecture="64bit" /></test-suite><test-suite id="tests/unit/test_inference.py::TestDataProcessorInference" name="tests/unit/test_inference.py::TestDataProcessorInference" fullname="tests/unit/test_inference.py::TestDataProcessorInference" methodname="" classname="" runstate="Runnable" type="Assembly" testcasecount="3" result="Passed" label="Test cases for data processor inference workflow." start-time="2026-05-24 09:25:03.172618" end-time="2026-05-24 09:25:03.200806" duration="0.028188" asserts="0" total="3" passed="3" failed="0" warnings="0" inconclusive="0" skipped="0"><properties><property name="python_version" value="3.14.5 (tags/v3.14.5:5607950, May 10 2026, 10:43:50) [MSC v.1944 64 bit (AMD64)]" /></properties><test-case id="125" name="tests/unit/test_inference.py::TestDataProcessorInference::test_processor_loading" fullname="tests/unit/test_inference.py::TestDataProcessorInference::test_processor_loading" methodname="test_processor_loading" classname="TestDataProcessorInference" runstate="Runnable" seed="1" result="Passed" label="Test DataProcessor can be initialized for inference." start-time="2026-05-24 09:25:03.172618" end-time="2026-05-24 09:25:03.173115" duration="0.000497" asserts="0"><properties><property name="python-version" value="3.14.5 (tags/v3.14.5:5607950, May 10 2026, 10:43:50) [MSC v.1944 64 bit (AMD64)]" /><property name="fspath" value="tests/unit/test_inference.py" /></properties><environment framework-version="3.6.2" clr-version="3.14.5 (tags/v3.14.5:5607950, May 10 2026, 10:43:50) [MSC v.1944 64 bit (AMD64)]" os-version="11" platform="Windows" cwd="C:\Users\Suriya\OneDrive\Desktop\logistic_regression" machine-name="AMD64" user="" user-domain="" culture="en_IN" uiculture="en_IN" os-architecture="64bit" /><failure><message><![CDATA[]]></message><stack-trace><![CDATA[None]]></stack-trace></failure><reason><message><![CDATA[]]></message></reason><output><![CDATA[]]></output></test-case><test-case id="126" name="tests/unit/test_inference.py::TestDataProcessorInference::test_data_processing_pipeline" fullname="tests/unit/test_inference.py::TestDataProcessorInference::test_data_processing_pipeline" methodname="test_data_processing_pipeline" classname="TestDataProcessorInference" runstate="Runnable" seed="1" result="Passed" label="Test complete data processing pipeline." start-time="2026-05-24 09:25:03.175979" end-time="2026-05-24 09:25:03.197902" duration="0.021923" asserts="0"><properties><property name="python-version" value="3.14.5 (tags/v3.14.5:5607950, May 10 2026, 10:43:50) [MSC v.1944 64 bit (AMD64)]" /><property name="fspath" value="tests/unit/test_inference.py" /></properties><environment framework-version="3.6.2" clr-version="3.14.5 (tags/v3.14.5:5607950, May 10 2026, 10:43:50) [MSC v.1944 64 bit (AMD64)]" os-version="11" platform="Windows" cwd="C:\Users\Suriya\OneDrive\Desktop\logistic_regression" machine-name="AMD64" user="" user-domain="" culture="en_IN" uiculture="en_IN" os-architecture="64bit" /><failure><message><![CDATA[]]></message><stack-trace><![CDATA[None]]></stack-trace></failure><reason><message><![CDATA[]]></message></reason><output><![CDATA[]]></output></test-case><test-case id="127" name="tests/unit/test_inference.py::TestDataProcessorInference::test_batch_inference_preparation" fullname="tests/unit/test_inference.py::TestDataProcessorInference::test_batch_inference_preparation" methodname="test_batch_inference_preparation" classname="TestDataProcessorInference" runstate="Runnable" seed="1" result="Passed" label="Test data preparation for batch inference." start-time="2026-05-24 09:25:03.198514" end-time="2026-05-24 09:25:03.200806" duration="0.002292" asserts="0"><properties><property name="python-version" value="3.14.5 (tags/v3.14.5:5607950, May 10 2026, 10:43:50) [MSC v.1944 64 bit (AMD64)]" /><property name="fspath" value="tests/unit/test_inference.py" /></properties><environment framework-version="3.6.2" clr-version="3.14.5 (tags/v3.14.5:5607950, May 10 2026, 10:43:50) [MSC v.1944 64 bit (AMD64)]" os-version="11" platform="Windows" cwd="C:\Users\Suriya\OneDrive\Desktop\logistic_regression" machine-name="AMD64" user="" user-domain="" culture="en_IN" uiculture="en_IN" os-architecture="64bit" /><failure><message><![CDATA[]]></message><stack-trace><![CDATA[None]]></stack-trace></failure><reason><message><![CDATA[]]></message></reason><output><![CDATA[]]></output></test-case><environment framework-version="3.6.2" clr-version="3.14.5 (tags/v3.14.5:5607950, May 10 2026, 10:43:50) [MSC v.1944 64 bit (AMD64)]" os-version="11" platform="Windows" cwd="C:\Users\Suriya\OneDrive\Desktop\logistic_regression" machine-name="AMD64" user="" user-domain="" culture="en_IN" uiculture="en_IN" os-architecture="64bit" /></test-suite><test-suite id="tests/unit/test_inference.py::TestScoreValidation" name="tests/unit/test_inference.py::TestScoreValidation" fullname="tests/unit/test_inference.py::TestScoreValidation" methodname="" classname="" runstate="Runnable" type="Assembly" testcasecount="2" result="Passed" label="Test cases for score validation." start-time="2026-05-24 09:25:03.210121" end-time="2026-05-24 09:25:03.223141" duration="0.01302" asserts="0" total="2" passed="2" failed="0" warnings="0" inconclusive="0" skipped="0"><properties><property name="python_version" value="3.14.5 (tags/v3.14.5:5607950, May 10 2026, 10:43:50) [MSC v.1944 64 bit (AMD64)]" /></properties><test-case id="129" name="tests/unit/test_inference.py::TestScoreValidation::test_prediction_output_range" fullname="tests/unit/test_inference.py::TestScoreValidation::test_prediction_output_range" methodname="test_prediction_output_range" classname="TestScoreValidation" runstate="Runnable" seed="1" result="Passed" label="Test predictions are in valid range [0, 1]." start-time="2026-05-24 09:25:03.210121" end-time="2026-05-24 09:25:03.216579" duration="0.006458" asserts="0"><properties><property name="python-version" value="3.14.5 (tags/v3.14.5:5607950, May 10 2026, 10:43:50) [MSC v.1944 64 bit (AMD64)]" /><property name="fspath" value="tests/unit/test_inference.py" /></properties><environment framework-version="3.6.2" clr-version="3.14.5 (tags/v3.14.5:5607950, May 10 2026, 10:43:50) [MSC v.1944 64 bit (AMD64)]" os-version="11" platform="Windows" cwd="C:\Users\Suriya\OneDrive\Desktop\logistic_regression" machine-name="AMD64" user="" user-domain="" culture="en_IN" uiculture="en_IN" os-architecture="64bit" /><failure><message><![CDATA[]]></message><stack-trace><![CDATA[None]]></stack-trace></failure><reason><message><![CDATA[]]></message></reason><output><![CDATA[]]></output></test-case><test-case id="130" name="tests/unit/test_inference.py::TestScoreValidation::test_no_null_predictions" fullname="tests/unit/test_inference.py::TestScoreValidation::test_no_null_predictions" methodname="test_no_null_predictions" classname="TestScoreValidation" runstate="Runnable" seed="1" result="Passed" label="Test no null values in predictions." start-time="2026-05-24 09:25:03.217111" end-time="2026-05-24 09:25:03.223141" duration="0.00603" asserts="0"><properties><property name="python-version" value="3.14.5 (tags/v3.14.5:5607950, May 10 2026, 10:43:50) [MSC v.1944 64 bit (AMD64)]" /><property name="fspath" value="tests/unit/test_inference.py" /></properties><environment framework-version="3.6.2" clr-version="3.14.5 (tags/v3.14.5:5607950, May 10 2026, 10:43:50) [MSC v.1944 64 bit (AMD64)]" os-version="11" platform="Windows" cwd="C:\Users\Suriya\OneDrive\Desktop\logistic_regression" machine-name="AMD64" user="" user-domain="" culture="en_IN" uiculture="en_IN" os-architecture="64bit" /><failure><message><![CDATA[]]></message><stack-trace><![CDATA[None]]></stack-trace></failure><reason><message><![CDATA[]]></message></reason><output><![CDATA[]]></output></test-case><environment framework-version="3.6.2" clr-version="3.14.5 (tags/v3.14.5:5607950, May 10 2026, 10:43:50) [MSC v.1944 64 bit (AMD64)]" os-version="11" platform="Windows" cwd="C:\Users\Suriya\OneDrive\Desktop\logistic_regression" machine-name="AMD64" user="" user-domain="" culture="en_IN" uiculture="en_IN" os-architecture="64bit" /></test-suite><test-suite id="tests/unit/test_train.py::TestTrainingProcess" name="tests/unit/test_train.py::TestTrainingProcess" fullname="tests/unit/test_train.py::TestTrainingProcess" methodname="" classname="" runstate="Runnable" type="Assembly" testcasecount="9" result="Passed" label="" start-time="2026-05-24 09:25:03.704699" end-time="2026-05-24 09:25:05.948543" duration="2.243844" asserts="0" total="9" passed="8" failed="1" warnings="0" inconclusive="0" skipped="0"><properties><property name="python_version" value="3.14.5 (tags/v3.14.5:5607950, May 10 2026, 10:43:50) [MSC v.1944 64 bit (AMD64)]" /></properties><test-case id="155" name="tests/unit/test_train.py::TestTrainingProcess::test_train_model_basic" fullname="tests/unit/test_train.py::TestTrainingProcess::test_train_model_basic" methodname="test_train_model_basic" classname="TestTrainingProcess" runstate="Runnable" seed="1" result="Passed" label="" start-time="2026-05-24 09:25:03.704699" end-time="2026-05-24 09:25:05.224390" duration="1.519691" asserts="0"><properties><property name="python-version" value="3.14.5 (tags/v3.14.5:5607950, May 10 2026, 10:43:50) [MSC v.1944 64 bit (AMD64)]" /><property name="fspath" value="tests/unit/test_train.py" /></properties><environment framework-version="3.6.2" clr-version="3.14.5 (tags/v3.14.5:5607950, May 10 2026, 10:43:50) [MSC v.1944 64 bit (AMD64)]" os-version="11" platform="Windows" cwd="C:\Users\Suriya\OneDrive\Desktop\logistic_regression" machine-name="AMD64" user="" user-domain="" culture="en_IN" uiculture="en_IN" os-architecture="64bit" /><failure><message><![CDATA[]]></message><stack-trace><![CDATA[None]]></stack-trace></failure><reason><message><![CDATA[WARNING  explain:explain.py:348 SHAP not available — skipping SHAP explanations]]></message></reason><output><![CDATA[WARNING  explain:explain.py:348 SHAP not available — skipping SHAP explanations]]></output></test-case><test-case id="156" name="tests/unit/test_train.py::TestTrainingProcess::test_train_model_tuning" fullname="tests/unit/test_train.py::TestTrainingProcess::test_train_model_tuning" methodname="test_train_model_tuning" classname="TestTrainingProcess" runstate="Runnable" seed="1" result="Passed" label="" start-time="2026-05-24 09:25:05.228406" end-time="2026-05-24 09:25:05.302866" duration="0.07446" asserts="0"><properties><property name="python-version" value="3.14.5 (tags/v3.14.5:5607950, May 10 2026, 10:43:50) [MSC v.1944 64 bit (AMD64)]" /><property name="fspath" value="tests/unit/test_train.py" /></properties><environment framework-version="3.6.2" clr-version="3.14.5 (tags/v3.14.5:5607950, May 10 2026, 10:43:50) [MSC v.1944 64 bit (AMD64)]" os-version="11" platform="Windows" cwd="C:\Users\Suriya\OneDrive\Desktop\logistic_regression" machine-name="AMD64" user="" user-domain="" culture="en_IN" uiculture="en_IN" os-architecture="64bit" /><failure><message><![CDATA[]]></message><stack-trace><![CDATA[None]]></stack-trace></failure><reason><message><![CDATA[]]></message></reason><output><![CDATA[]]></output></test-case><test-case id="157" name="tests/unit/test_train.py::TestTrainingProcess::test_tune_hyperparameters_no_optuna" fullname="tests/unit/test_train.py::TestTrainingProcess::test_tune_hyperparameters_no_optuna" methodname="test_tune_hyperparameters_no_optuna" classname="TestTrainingProcess" runstate="Runnable" seed="1" result="Passed" label="" start-time="2026-05-24 09:25:05.304948" end-time="2026-05-24 09:25:05.305725" duration="0.000777" asserts="0"><properties><property name="python-version" value="3.14.5 (tags/v3.14.5:5607950, May 10 2026, 10:43:50) [MSC v.1944 64 bit (AMD64)]" /><property name="fspath" value="tests/unit/test_train.py" /></properties><environment framework-version="3.6.2" clr-version="3.14.5 (tags/v3.14.5:5607950, May 10 2026, 10:43:50) [MSC v.1944 64 bit (AMD64)]" os-version="11" platform="Windows" cwd="C:\Users\Suriya\OneDrive\Desktop\logistic_regression" machine-name="AMD64" user="" user-domain="" culture="en_IN" uiculture="en_IN" os-architecture="64bit" /><failure><message><![CDATA[]]></message><stack-trace><![CDATA[None]]></stack-trace></failure><reason><message><![CDATA[WARNING  train:train.py:174 Optuna not installed. Using default hyperparameters. Install with: pip install optuna]]></message></reason><output><![CDATA[WARNING  train:train.py:174 Optuna not installed. Using default hyperparameters. Install with: pip install optuna]]></output></test-case><test-case id="158" name="tests/unit/test_train.py::TestTrainingProcess::test_make_objective" fullname="tests/unit/test_train.py::TestTrainingProcess::test_make_objective" methodname="test_make_objective" classname="TestTrainingProcess" runstate="Runnable" seed="1" result="Passed" label="" start-time="2026-05-24 09:25:05.306243" end-time="2026-05-24 09:25:05.311610" duration="0.005367" asserts="0"><properties><property name="python-version" value="3.14.5 (tags/v3.14.5:5607950, May 10 2026, 10:43:50) [MSC v.1944 64 bit (AMD64)]" /><property name="fspath" value="tests/unit/test_train.py" /></properties><environment framework-version="3.6.2" clr-version="3.14.5 (tags/v3.14.5:5607950, May 10 2026, 10:43:50) [MSC v.1944 64 bit (AMD64)]" os-version="11" platform="Windows" cwd="C:\Users\Suriya\OneDrive\Desktop\logistic_regression" machine-name="AMD64" user="" user-domain="" culture="en_IN" uiculture="en_IN" os-architecture="64bit" /><failure><message><![CDATA[]]></message><stack-trace><![CDATA[None]]></stack-trace></failure><reason><message><![CDATA[]]></message></reason><output><![CDATA[]]></output></test-case><test-case id="159" name="tests/unit/test_train.py::TestTrainingProcess::test_main" fullname="tests/unit/test_train.py::TestTrainingProcess::test_main" methodname="test_main" classname="TestTrainingProcess" runstate="Runnable" seed="1" result="Passed" label="" start-time="2026-05-24 09:25:05.314467" end-time="2026-05-24 09:25:05.318388" duration="0.003921" asserts="0"><properties><property name="python-version" value="3.14.5 (tags/v3.14.5:5607950, May 10 2026, 10:43:50) [MSC v.1944 64 bit (AMD64)]" /><property name="fspath" value="tests/unit/test_train.py" /></properties><environment framework-version="3.6.2" clr-version="3.14.5 (tags/v3.14.5:5607950, May 10 2026, 10:43:50) [MSC v.1944 64 bit (AMD64)]" os-version="11" platform="Windows" cwd="C:\Users\Suriya\OneDrive\Desktop\logistic_regression" machine-name="AMD64" user="" user-domain="" culture="en_IN" uiculture="en_IN" os-architecture="64bit" /><failure><message><![CDATA[]]></message><stack-trace><![CDATA[None]]></stack-trace></failure><reason><message><![CDATA[]]></message></reason><output><![CDATA[]]></output></test-case><test-case id="160" name="tests/unit/test_train.py::TestTrainingProcess::test_train_model_exception" fullname="tests/unit/test_train.py::TestTrainingProcess::test_train_model_exception" methodname="test_tra
[...]
e]]></stack-trace></failure><reason><message><![CDATA[]]></message></reason><output><![CDATA[]]></output></test-case><environment framework-version="3.6.2" clr-version="3.14.5 (tags/v3.14.5:5607950, May 10 2026, 10:43:50) [MSC v.1944 64 bit (AMD64)]" os-version="11" platform="Windows" cwd="C:\Users\Suriya\OneDrive\Desktop\logistic_regression" machine-name="AMD64" user="" user-domain="" culture="en_IN" uiculture="en_IN" os-architecture="64bit" /></test-suite><test-suite id="tests/unit/test_score_batch.py::TestScoreBatch" name="tests/unit/test_score_batch.py::TestScoreBatch" fullname="tests/unit/test_score_batch.py::TestScoreBatch" methodname="" classname="" runstate="Runnable" type="Assembly" testcasecount="5" result="Passed" label="Test cases for score_batch.py." start-time="2026-05-24 09:25:03.672366" end-time="2026-05-24 09:25:03.687875" duration="0.015509" asserts="0" total="5" passed="5" failed="0" warnings="0" inconclusive="0" skipped="0"><properties><property name="python_version" value="3.14.5 (tags/v3.14.5:5607950, May 10 2026, 10:43:50) [MSC v.1944 64 bit (AMD64)]" /></properties><test-case id="148" name="tests/unit/test_score_batch.py::TestScoreBatch::test_init_missing_env" fullname="tests/unit/test_score_batch.py::TestScoreBatch::test_init_missing_env" methodname="test_init_missing_env" classname="TestScoreBatch" runstate="Runnable" seed="1" result="Passed" label="" start-time="2026-05-24 09:25:03.672366" end-time="2026-05-24 09:25:03.673840" duration="0.001474" asserts="0"><properties><property name="python-version" value="3.14.5 (tags/v3.14.5:5607950, May 10 2026, 10:43:50) [MSC v.1944 64 bit (AMD64)]" /><property name="fspath" value="tests/unit/test_score_batch.py" /></properties><environment framework-version="3.6.2" clr-version="3.14.5 (tags/v3.14.5:5607950, May 10 2026, 10:43:50) [MSC v.1944 64 bit (AMD64)]" os-version="11" platform="Windows" cwd="C:\Users\Suriya\OneDrive\Desktop\logistic_regression" machine-name="AMD64" user="" user-domain="" culture="en_IN" uiculture="en_IN" os-architecture="64bit" /><failure><message><![CDATA[]]></message><stack-trace><![CDATA[None]]></stack-trace></failure><reason><message><![CDATA[]]></message></reason><output><![CDATA[]]></output></test-case><test-case id="149" name="tests/unit/test_score_batch.py::TestScoreBatch::test_init_success_flat_structure" fullname="tests/unit/test_score_batch.py::TestScoreBatch::test_init_success_flat_structure" methodname="test_init_success_flat_structure" classname="TestScoreBatch" runstate="Runnable" seed="1" result="Passed" label="" start-time="2026-05-24 09:25:03.675897" end-time="2026-05-24 09:25:03.677394" duration="0.001497" asserts="0"><properties><property name="python-version" value="3.14.5 (tags/v3.14.5:5607950, May 10 2026, 10:43:50) [MSC v.1944 64 bit (AMD64)]" /><property name="fspath" value="tests/unit/test_score_batch.py" /></properties><environment framework-version="3.6.2" clr-version="3.14.5 (tags/v3.14.5:5607950, May 10 2026, 10:43:50) [MSC v.1944 64 bit (AMD64)]" os-version="11" platform="Windows" cwd="C:\Users\Suriya\OneDrive\Desktop\logistic_regression" machine-name="AMD64" user="" user-domain="" culture="en_IN" uiculture="en_IN" os-architecture="64bit" /><failure><message><![CDATA[]]></message><stack-trace><![CDATA[None]]></stack-trace></failure><reason><message><![CDATA[INFO     score_batch:score_batch.py:20 Looking for models in: C:\Users\Suriya\AppData\Local\Temp\pytest-of-Suriya\pytest-28\test_init_success_flat_structu0
INFO     score_batch:score_batch.py:30 Loading model from C:\Users\Suriya\AppData\Local\Temp\pytest-of-Suriya\pytest-28\test_init_success_flat_structu0\model.pkl]]></message></reason><output><![CDATA[INFO     score_batch:score_batch.py:20 Looking for models in: C:\Users\Suriya\AppData\Local\Temp\pytest-of-Suriya\pytest-28\test_init_success_flat_structu0
INFO     score_batch:score_batch.py:30 Loading model from C:\Users\Suriya\AppData\Local\Temp\pytest-of-Suriya\pytest-28\test_init_success_flat_structu0\model.pkl]]></output></test-case><test-case id="150" name="tests/unit/test_score_batch.py::TestScoreBatch::test_init_success_nested_structure" fullname="tests/unit/test_score_batch.py::TestScoreBatch::test_init_success_nested_structure" methodname="test_init_success_nested_structure" classname="TestScoreBatch" runstate="Runnable" seed="1" result="Passed" label="" start-time="2026-05-24 09:25:03.678811" end-time="2026-05-24 09:25:03.680512" duration="0.001701" asserts="0"><properties><property name="python-version" value="3.14.5 (tags/v3.14.5:5607950, May 10 2026, 10:43:50) [MSC v.1944 64 bit (AMD64)]" /><property name="fspath" value="tests/unit/test_score_batch.py" /></properties><environment framework-version="3.6.2" clr-version="3.14.5 (tags/v3.14.5:5607950, May 10 2026, 10:43:50) [MSC v.1944 64 bit (AMD64)]" os-version="11" platform="Windows" cwd="C:\Users\Suriya\OneDrive\Desktop\logistic_regression" machine-name="AMD64" user="" user-domain="" culture="en_IN" uiculture="en_IN" os-architecture="64bit" /><failure><message><![CDATA[]]></message><stack-trace><![CDATA[None]]></stack-trace></failure><reason><message><![CDATA[INFO     score_batch:score_batch.py:20 Looking for models in: C:\Users\Suriya\AppData\Local\Temp\pytest-of-Suriya\pytest-28\test_init_success_nested_struc0
INFO     score_batch:score_batch.py:30 Loading model from C:\Users\Suriya\AppData\Local\Temp\pytest-of-Suriya\pytest-28\test_init_success_nested_struc0\model\model.pkl]]></message></reason><output><![CDATA[INFO     score_batch:score_batch.py:20 Looking for models in: C:\Users\Suriya\AppData\Local\Temp\pytest-of-Suriya\pytest-28\test_init_success_nested_struc0
INFO     score_batch:score_batch.py:30 Loading model from C:\Users\Suriya\AppData\Local\Temp\pytest-of-Suriya\pytest-28\test_init_success_nested_struc0\model\model.pkl]]></output></test-case><test-case id="151" name="tests/unit/test_score_batch.py::TestScoreBatch::test_run_success" fullname="tests/unit/test_score_batch.py::TestScoreBatch::test_run_success" methodname="test_run_success" classname="TestScoreBatch" runstate="Runnable" seed="1" result="Passed" label="" start-time="2026-05-24 09:25:03.681945" end-time="2026-05-24 09:25:03.684635" duration="0.00269" asserts="0"><properties><property name="python-version" value="3.14.5 (tags/v3.14.5:5607950, May 10 2026, 10:43:50) [MSC v.1944 64 bit (AMD64)]" /><property name="fspath" value="tests/unit/test_score_batch.py" /></properties><environment framework-version="3.6.2" clr-version="3.14.5 (tags/v3.14.5:5607950, May 10 2026, 10:43:50) [MSC v.1944 64 bit (AMD64)]" os-version="11" platform="Windows" cwd="C:\Users\Suriya\OneDrive\Desktop\logistic_regression" machine-name="AMD64" user="" user-domain="" culture="en_IN" uiculture="en_IN" os-architecture="64bit" /><failure><message><![CDATA[]]></message><stack-trace><![CDATA[None]]></stack-trace></failure><reason><message><![CDATA[INFO     score_batch:score_batch.py:37 Processing mini_batch of size 1
INFO     score_batch:score_batch.py:42 Processing file: C:\Users\Suriya\AppData\Local\Temp\pytest-of-Suriya\pytest-28\test_run_success0\data.csv]]></message></reason><output><![CDATA[INFO     score_batch:score_batch.py:37 Processing mini_batch of size 1
INFO     score_batch:score_batch.py:42 Processing file: C:\Users\Suriya\AppData\Local\Temp\pytest-of-Suriya\pytest-28\test_run_success0\data.csv]]></output></test-case><test-case id="152" name="tests/unit/test_score_batch.py::TestScoreBatch::test_run_error" fullname="tests/unit/test_score_batch.py::TestScoreBatch::test_run_error" methodname="test_run_error" classname="TestScoreBatch" runstate="Runnable" seed="1" result="Passed" label="" start-time="2026-05-24 09:25:03.685964" end-time="2026-05-24 09:25:03.687875" duration="0.001911" asserts="0"><properties><property name="python-version" value="3.14.5 (tags/v3.14.5:5607950, May 10 2026, 10:43:50) [MSC v.1944 64 bit (AMD64)]" /><property name="fspath" value="tests/unit/test_score_batch.py" /></properties><environment framework-version="3.6.2" clr-version="3.14.5 (tags/v3.14.5:5607950, May 10 2026, 10:43:50) [MSC v.1944 64 bit (AMD64)]" os-version="11" platform="Windows" cwd="C:\Users\Suriya\OneDrive\Desktop\logistic_regression" machine-name="AMD64" user="" user-domain="" culture="en_IN" uiculture="en_IN" os-architecture="64bit" /><failure><message><![CDATA[]]></message><stack-trace><![CDATA[None]]></stack-trace></failure><reason><message><![CDATA[INFO     score_batch:score_batch.py:37 Processing mini_batch of size 1
INFO     score_batch:score_batch.py:42 Processing file: C:\Users\Suriya\AppData\Local\Temp\pytest-of-Suriya\pytest-28\test_run_error0\data2.csv
ERROR    score_batch:score_batch.py:55 Error processing C:\Users\Suriya\AppData\Local\Temp\pytest-of-Suriya\pytest-28\test_run_error0\data2.csv: Dummy Error]]></message></reason><output><![CDATA[INFO     score_batch:score_batch.py:37 Processing mini_batch of size 1
INFO     score_batch:score_batch.py:42 Processing file: C:\Users\Suriya\AppData\Local\Temp\pytest-of-Suriya\pytest-28\test_run_error0\data2.csv
ERROR    score_batch:score_batch.py:55 Error processing C:\Users\Suriya\AppData\Local\Temp\pytest-of-Suriya\pytest-28\test_run_error0\data2.csv: Dummy Error]]></output></test-case><environment framework-version="3.6.2" clr-version="3.14.5 (tags/v3.14.5:5607950, May 10 2026, 10:43:50) [MSC v.1944 64 bit (AMD64)]" os-version="11" platform="Windows" cwd="C:\Users\Suriya\OneDrive\Desktop\logistic_regression" machine-name="AMD64" user="" user-domain="" culture="en_IN" uiculture="en_IN" os-architecture="64bit" /></test-suite><test-suite id="tests/unit/test_train.py::TestMetricsCalculation" name="tests/unit/test_train.py::TestMetricsCalculation" fullname="tests/unit/test_train.py::TestMetricsCalculation" methodname="" classname="" runstate="Runnable" type="Assembly" testcasecount="2" result="Passed" label="" start-time="2026-05-24 09:25:03.688301" end-time="2026-05-24 09:25:03.700378" duration="0.012077" asserts="0" total="2" passed="2" failed="0" warnings="0" inconclusive="0" skipped="0"><properties><property name="python_version" value="3.14.5 (tags/v3.14.5:5607950, May 10 2026, 10:43:50) [MSC v.1944 64 bit (AMD64)]" /></properties><test-case id="153" name="tests/unit/test_train.py::TestMetricsCalculation::test_calculate_metrics_basic" fullname="tests/unit/test_train.py::TestMetricsCalculation::test_calculate_metrics_basic" methodname="test_calculate_metrics_basic" classname="TestMetricsCalculation" runstate="Runnable" seed="1" result="Passed" label="" start-time="2026-05-24 09:25:03.688301" end-time="2026-05-24 09:25:03.692663" duration="0.004362" asserts="0"><properties><property name="python-version" value="3.14.5 (tags/v3.14.5:5607950, May 10 2026, 10:43:50) [MSC v.1944 64 bit (AMD64)]" /><property name="fspath" value="tests/unit/test_train.py" /></properties><environment framework-version="3.6.2" clr-version="3.14.5 (tags/v3.14.5:5607950, May 10 2026, 10:43:50) [MSC v.1944 64 bit (AMD64)]" os-version="11" platform="Windows" cwd="C:\Users\Suriya\OneDrive\Desktop\logistic_regression" machine-name="AMD64" user="" user-domain="" culture="en_IN" uiculture="en_IN" os-architecture="64bit" /><failure><message><![CDATA[]]></message><stack-trace><![CDATA[None]]></stack-trace></failure><reason><message><![CDATA[]]></message></reason><output><![CDATA[]]></output></test-case><test-case id="154" name="tests/unit/test_train.py::TestMetricsCalculation::test_metrics_with_probabilities" fullname="tests/unit/test_train.py::TestMetricsCalculation::test_metrics_with_probabilities" methodname="test_metrics_with_probabilities" classname="TestMetricsCalculation" runstate="Runnable" seed="1" result="Passed" label="" start-time="2026-05-24 09:25:03.693232" end-time="2026-05-24 09:25:03.700378" duration="0.007146" asserts="0"><properties><property name="python-version" value="3.14.5 (tags/v3.14.5:5607950, May 10 2026, 10:43:50) [MSC v.1944 64 bit (AMD64)]" /><property name="fspath" value="tests/unit/test_train.py" /></properties><environment framework-version="3.6.2" clr-version="3.14.5 (tags/v3.14.5:5607950, May 10 2026, 10:43:50) [MSC v.1944 64 bit (AMD64)]" os-version="11" platform="Windows" cwd="C:\Users\Suriya\OneDrive\Desktop\logistic_regression" machine-name="AMD64" user="" user-domain="" culture="en_IN" uiculture="en_IN" os-architecture="64bit" /><failure><message><![CDATA[]]></message><stack-trace><![CDATA[None]]></stack-trace></failure><reason><message><![CDATA[]]></message></reason><output><![CDATA[]]></output></test-case><environment framework-version="3.6.2" clr-version="3.14.5 (tags/v3.14.5:5607950, May 10 2026, 10:43:50) [MSC v.1944 64 bit (AMD64)]" os-version="11" platform="Windows" cwd="C:\Users\Suriya\OneDrive\Desktop\logistic_regression" machine-name="AMD64" user="" user-domain="" culture="en_IN" uiculture="en_IN" os-architecture="64bit" /></test-suite><test-suite id="tests/unit/test_explain.py::TestExplain" name="tests/unit/test_explain.py::TestExplain" fullname="tests/unit/test_explain.py::TestExplain" methodname="" classname="" runstate="Runnable" type="Assembly" testcasecount="5" result="Passed" label="Test cases for explain.py." start-time="2026-05-24 09:25:01.862135" end-time="2026-05-24 09:25:03.171767" duration="1.309632" asserts="0" total="5" passed="5" failed="0" warnings="0" inconclusive="0" skipped="0"><properties><property name="python_version" value="3.14.5 (tags/v3.14.5:5607950, May 10 2026, 10:43:50) [MSC v.1944 64 bit (AMD64)]" /></properties><test-case id="120" name="tests/unit/test_explain.py::TestExplain::test_explain_global_shap" fullname="tests/unit/test_explain.py::TestExplain::test_explain_global_shap" methodname="test_explain_global_shap" classname="TestExplain" runstate="Runnable" seed="1" result="Passed" label="" start-time="2026-05-24 09:25:01.862135" end-time="2026-05-24 09:25:02.436063" duration="0.573928" asserts="0"><properties><property name="python-version" value="3.14.5 (tags/v3.14.5:5607950, May 10 2026, 10:43:50) [MSC v.1944 64 bit (AMD64)]" /><property name="fspath" value="tests/unit/test_explain.py" /></properties><environment framework-version="3.6.2" clr-version="3.14.5 (tags/v3.14.5:5607950, May 10 2026, 10:43:50) [MSC v.1944 64 bit (AMD64)]" os-version="11" platform="Windows" cwd="C:\Users\Suriya\OneDrive\Desktop\logistic_regression" machine-name="AMD64" user="" user-domain="" culture="en_IN" uiculture="en_IN" os-architecture="64bit" /><failure><message><![CDATA[]]></message><stack-trace><![CDATA[None]]></stack-trace></failure><reason><message><![CDATA[WARNING  explain:explain.py:113 SHAP not installed. Run: pip install shap]]></message></reason><output><![CDATA[WARNING  explain:explain.py:113 SHAP not installed. Run: pip install shap]]></output></test-case><test-case id="121" name="tests/unit/test_explain.py::TestExplain::test_explain_local_shap" fullname="tests/unit/test_explain.py::TestExplain::test_explain_local_shap" methodname="test_explain_local_shap" classname="TestExplain" runstate="Runnable" seed="1" result="Passed" label="" start-time="2026-05-24 09:25:02.494142" end-time="2026-05-24 09:25:02.898803" duration="0.404661" asserts="0"><properties><property name="python-version" value="3.14.5 (tags/v3.14.5:5607950, May 10 2026, 10:43:50) [MSC v.1944 64 bit (AMD64)]" /><property name="fspath" value="tests/unit/test_explain.py" /></properties><environment framework-version="3.6.2" clr-version="3.14.5 (tags/v3.14.5:5607950, May 10 2026, 10:43:50) [MSC v.1944 64 bit (AMD64)]" os-version="11" platform="Windows" cwd="C:\Users\Suriya\OneDrive\Desktop\logistic_regression" machine-name="AMD64" user="" user-domain="" culture="en_IN" uiculture="en_IN" os-architecture="64bit" /><failure><message><![CDATA[]]></message><stack-trace><![CDATA[None]]></stack-trace></failure><reason><message><![CDATA[]]></message></reason><output><![CDATA[]]></output></test-case><test-case id="122" name="tests/unit/test_explain.py::TestExplain::test_explain_local_lime" fullname="tests/unit/test_explain.py::TestExplain::test_explain_local_lime" methodname="test_explain_local_lime" classname="TestExplain" runstate="Runnable" seed="1" result="Passed" label="" start-time="2026-05-24 09:25:02.969899" end-time="2026-05-24 09:25:03.005935" duration="0.036036" asserts="0"><properties><property name="python-version" value="3.14.5 (tags/v3.14.5:5607950, May 10 2026, 10:43:50) [MSC v.1944 64 bit (AMD64)]" /><property name="fspath" value="tests/unit/test_explain.py" /></properties><environment framework-version="3.6.2" clr-version="3.14.5 (tags/v3.14.5:5607950, May 10 2026, 10:43:50) [MSC v.1944 64 bit (AMD64)]" os-version="11" platform="Windows" cwd="C:\Users\Suriya\OneDrive\Desktop\logistic_regression" machine-name="AMD64" user="" user-domain="" culture="en_IN" uiculture="en_IN" os-architecture="64bit" /><failure><message><![CDATA[]]></message><stack-trace><![CDATA[None]]></stack-trace></failure><reason><message><![CDATA[WARNING  explain:explain.py:276 LIME not installed. Run: pip install lime]]></message></reason><output><![CDATA[WARNING  explain:explain.py:276 LIME not installed. Run: pip install lime]]></output></test-case><test-case id="123" name="tests/unit/test_explain.py::TestExplain::test_run_all_no_deps" fullname="tests/unit/test_explain.py::TestExplain::test_run_all_no_deps" methodname="test_run_all_no_deps" classname="TestExplain" runstate="Runnable" seed="1" result="Passed" label="" start-time="2026-05-24 09:25:03.067262" end-time="2026-05-24 09:25:03.068325" duration="0.001063" asserts="0"><properties><property name="python-version" value="3.14.5 (tags/v3.14.5:5607950, May 10 2026, 10:43:50) [MSC v.1944 64 bit (AMD64)]" /><property name="fspath" value="tests/unit/test_explain.py" /></properties><environment framework-version="3.6.2" clr-version="3.14.5 (tags/v3.14.5:5607950, May 10 2026, 10:43:50) [MSC v.1944 64 bit (AMD64)]" os-version="11" platform="Windows" cwd="C:\Users\Suriya\OneDrive\Desktop\logistic_regression" machine-name="AMD64" user="" user-domain="" culture="en_IN" uiculture="en_IN" os-architecture="64bit" /><failure><message><![CDATA[]]></message><stack-trace><![CDATA[None]]></stack-trace></failure><reason><message><![CDATA[WARNING  explain:explain.py:348 SHAP not available — skipping SHAP explanations
WARNING  explain:explain.py:353 LIME not available — skipping LIME explanations]]></message></reason><output><![CDATA[WARNING  explain:explain.py:348 SHAP not available — skipping SHAP explanations
WARNING  explain:explain.py:353 LIME not available — skipping LIME explanations]]></output></test-case><test-case id="124" name="tests/unit/test_explain.py::TestExplain::test_main" fullname="tests/unit/test_explain.py::TestExplain::test_main" methodname="test_main" classname="TestExplain" runstate="Runnable" seed="1" result="Passed" label="" start-time="2026-05-24 09:25:03.137739" end-time="2026-05-24 09:25:03.171767" duration="0.034028" asserts="0"><properties><property name="python-version" value="3.14.5 (tags/v3.14.5:5607950, May 10 2026, 10:43:50) [MSC v.1944 64 bit (AMD64)]" /><property name="fspath" value="tests/unit/test_explain.py" /></properties><environment framework-version="3.6.2" clr-version="3.14.5 (tags/v3.14.5:5607950, May 10 2026, 10:43:50) [MSC v.1944 64 bit (AMD64)]" os-version="11" platform="Windows" cwd="C:\Users\Suriya\OneDrive\Desktop\logistic_regression" machine-name="AMD64" user="" user-domain="" culture="en_IN" uiculture="en_IN" os-architecture="64bit" /><failure><message><![CDATA[]]></message><stack-trace><![CDATA[None]]></stack-trace></failure><reason><message><![CDATA[]]></message></reason><output><![CDATA[]]></output></test-case><environment framework-version="3.6.2" clr-version="3.14.5 (tags/v3.14.5:5607950, May 10 2026, 10:43:50) [MSC v.1944 64 bit (AMD64)]" os-version="11" platform="Windows" cwd="C:\Users\Suriya\OneDrive\Desktop\logistic_regression" machine-name="AMD64" user="" user-domain="" culture="en_IN" uiculture="en_IN" os-architecture="64bit" /></test-suite></test-run>